============================= test session starts ==============================
platform linux -- Python 3.12.3, pytest-8.4.1, pluggy-1.6.0 -- /home/vboxuser/cdl/bin/python3
cachedir: .pytest_cache
rootdir: /home/vboxuser/requests
configfile: pytest.ini
collecting ... collected 613 items

tests/test_adapters.py::test_request_url_trims_leading_path_separators PASSED [  0%]
tests/test_help.py::test_system_ssl PASSED                               [  0%]
tests/test_help.py::test_idna_without_version_attribute PASSED           [  0%]
tests/test_help.py::test_idna_with_version_attribute PASSED              [  0%]
tests/test_hooks.py::test_hooks[hook-ata] PASSED                         [  0%]
tests/test_hooks.py::test_hooks[hooks_list1-ta] PASSED                   [  0%]
tests/test_hooks.py::test_default_hooks PASSED                           [  1%]
tests/test_lowlevel.py::test_chunked_upload PASSED                       [  1%]
tests/test_lowlevel.py::test_chunked_encoding_error PASSED               [  1%]
tests/test_lowlevel.py::test_chunked_upload_uses_only_specified_host_header PASSED [  1%]
tests/test_lowlevel.py::test_chunked_upload_doesnt_skip_host_header PASSED [  1%]
tests/test_lowlevel.py::test_conflicting_content_lengths PASSED          [  1%]
tests/test_lowlevel.py::test_digestauth_401_count_reset_on_redirect PASSED [  2%]
tests/test_lowlevel.py::test_digestauth_401_only_sent_once PASSED        [  2%]
tests/test_lowlevel.py::test_digestauth_only_on_4xx PASSED               [  2%]
tests/test_lowlevel.py::test_use_proxy_from_environment[http_proxy-http] ERROR [  2%]
tests/test_lowlevel.py::test_use_proxy_from_environment[https_proxy-https] ERROR [  2%]
tests/test_lowlevel.py::test_use_proxy_from_environment[all_proxy-http] ERROR [  2%]
tests/test_lowlevel.py::test_use_proxy_from_environment[all_proxy-https] ERROR [  3%]
tests/test_lowlevel.py::test_use_proxy_from_environment[HTTP_PROXY-http] ERROR [  3%]
tests/test_lowlevel.py::test_use_proxy_from_environment[HTTPS_PROXY-https] ERROR [  3%]
tests/test_lowlevel.py::test_use_proxy_from_environment[ALL_PROXY-http] ERROR [  3%]
tests/test_lowlevel.py::test_use_proxy_from_environment[ALL_PROXY-https] ERROR [  3%]
tests/test_lowlevel.py::test_redirect_rfc1808_to_non_ascii_location PASSED [  3%]
tests/test_lowlevel.py::test_fragment_not_sent_with_request PASSED       [  4%]
tests/test_lowlevel.py::test_fragment_update_on_redirect PASSED          [  4%]
tests/test_lowlevel.py::test_json_decode_compatibility_for_alt_utf_encodings PASSED [  4%]
tests/test_packages.py::test_can_access_urllib3_attribute PASSED         [  4%]
tests/test_packages.py::test_can_access_idna_attribute PASSED            [  4%]
tests/test_packages.py::test_can_access_chardet_attribute PASSED         [  4%]
tests/test_requests.py::TestRequests::test_entry_points PASSED           [  5%]
tests/test_requests.py::TestRequests::test_invalid_url[MissingSchema-hiwpefhipowhefopw] PASSED [  5%]
tests/test_requests.py::TestRequests::test_invalid_url[InvalidSchema-localhost:3128] PASSED [  5%]
tests/test_requests.py::TestRequests::test_invalid_url[InvalidSchema-localhost.localdomain:3128/] PASSED [  5%]
tests/test_requests.py::TestRequests::test_invalid_url[InvalidSchema-10.122.1.1:3128/] PASSED [  5%]
tests/test_requests.py::TestRequests::test_invalid_url[InvalidURL-http://] PASSED [  5%]
tests/test_requests.py::TestRequests::test_invalid_url[InvalidURL-http://*example.com] PASSED [  6%]
tests/test_requests.py::TestRequests::test_invalid_url[InvalidURL-http://.example.com] PASSED [  6%]
tests/test_requests.py::TestRequests::test_basic_building PASSED         [  6%]
tests/test_requests.py::TestRequests::test_no_content_length[GET] ERROR  [  6%]
tests/test_requests.py::TestRequests::test_no_content_length[HEAD] ERROR [  6%]
tests/test_requests.py::TestRequests::test_no_body_content_length[POST] ERROR [  6%]
tests/test_requests.py::TestRequests::test_no_body_content_length[PUT] ERROR [  7%]
tests/test_requests.py::TestRequests::test_no_body_content_length[PATCH] ERROR [  7%]
tests/test_requests.py::TestRequests::test_no_body_content_length[OPTIONS] ERROR [  7%]
tests/test_requests.py::TestRequests::test_empty_content_length[POST] ERROR [  7%]
tests/test_requests.py::TestRequests::test_empty_content_length[PUT] ERROR [  7%]
tests/test_requests.py::TestRequests::test_empty_content_length[PATCH] ERROR [  7%]
tests/test_requests.py::TestRequests::test_empty_content_length[OPTIONS] ERROR [  7%]
tests/test_requests.py::TestRequests::test_override_content_length ERROR [  8%]
tests/test_requests.py::TestRequests::test_path_is_not_double_encoded PASSED [  8%]
tests/test_requests.py::TestRequests::test_params_are_added_before_fragment[http://example.com/path#fragment-http://example.com/path?a=b#fragment] PASSED [  8%]
tests/test_requests.py::TestRequests::test_params_are_added_before_fragment[http://example.com/path?key=value#fragment-http://example.com/path?key=value&a=b#fragment] PASSED [  8%]
tests/test_requests.py::TestRequests::test_params_original_order_is_preserved_by_default PASSED [  8%]
tests/test_requests.py::TestRequests::test_params_bytes_are_encoded PASSED [  8%]
tests/test_requests.py::TestRequests::test_binary_put PASSED             [  9%]
tests/test_requests.py::TestRequests::test_whitespaces_are_removed_from_url PASSED [  9%]
tests/test_requests.py::TestRequests::test_mixed_case_scheme_acceptable[http://] ERROR [  9%]
tests/test_requests.py::TestRequests::test_mixed_case_scheme_acceptable[HTTP://] ERROR [  9%]
tests/test_requests.py::TestRequests::test_mixed_case_scheme_acceptable[hTTp://] ERROR [  9%]
tests/test_requests.py::TestRequests::test_mixed_case_scheme_acceptable[HttP://] ERROR [  9%]
tests/test_requests.py::TestRequests::test_HTTP_200_OK_GET_ALTERNATIVE ERROR [ 10%]
tests/test_requests.py::TestRequests::test_HTTP_302_ALLOW_REDIRECT_GET ERROR [ 10%]
tests/test_requests.py::TestRequests::test_HTTP_307_ALLOW_REDIRECT_POST ERROR [ 10%]
tests/test_requests.py::TestRequests::test_HTTP_307_ALLOW_REDIRECT_POST_WITH_SEEKABLE ERROR [ 10%]
tests/test_requests.py::TestRequests::test_HTTP_302_TOO_MANY_REDIRECTS ERROR [ 10%]
tests/test_requests.py::TestRequests::test_HTTP_302_TOO_MANY_REDIRECTS_WITH_PARAMS ERROR [ 10%]
tests/test_requests.py::TestRequests::test_http_301_changes_post_to_get ERROR [ 11%]
tests/test_requests.py::TestRequests::test_http_301_doesnt_change_head_to_get ERROR [ 11%]
tests/test_requests.py::TestRequests::test_http_302_changes_post_to_get ERROR [ 11%]
tests/test_requests.py::TestRequests::test_http_302_doesnt_change_head_to_get ERROR [ 11%]
tests/test_requests.py::TestRequests::test_http_303_changes_post_to_get ERROR [ 11%]
tests/test_requests.py::TestRequests::test_http_303_doesnt_change_head_to_get ERROR [ 11%]
tests/test_requests.py::TestRequests::test_header_and_body_removal_on_redirect ERROR [ 12%]
tests/test_requests.py::TestRequests::test_transfer_enc_removal_on_redirect ERROR [ 12%]
tests/test_requests.py::TestRequests::test_fragment_maintained_on_redirect ERROR [ 12%]
tests/test_requests.py::TestRequests::test_HTTP_200_OK_GET_WITH_PARAMS ERROR [ 12%]
tests/test_requests.py::TestRequests::test_HTTP_200_OK_GET_WITH_MIXED_PARAMS ERROR [ 12%]
tests/test_requests.py::TestRequests::test_set_cookie_on_301 ERROR       [ 12%]
tests/test_requests.py::TestRequests::test_cookie_sent_on_redirect ERROR [ 13%]
tests/test_requests.py::TestRequests::test_cookie_removed_on_expire ERROR [ 13%]
tests/test_requests.py::TestRequests::test_cookie_quote_wrapped ERROR    [ 13%]
tests/test_requests.py::TestRequests::test_cookie_persists_via_api ERROR [ 13%]
tests/test_requests.py::TestRequests::test_request_cookie_overrides_session_cookie ERROR [ 13%]
tests/test_requests.py::TestRequests::test_request_cookies_not_persisted ERROR [ 13%]
tests/test_requests.py::TestRequests::test_generic_cookiejar_works ERROR [ 14%]
tests/test_requests.py::TestRequests::test_param_cookiejar_works ERROR   [ 14%]
tests/test_requests.py::TestRequests::test_cookielib_cookiejar_on_redirect ERROR [ 14%]
tests/test_requests.py::TestRequests::test_requests_in_history_are_not_overridden ERROR [ 14%]
tests/test_requests.py::TestRequests::test_history_is_always_a_list ERROR [ 14%]
tests/test_requests.py::TestRequests::test_headers_on_session_with_None_are_not_sent ERROR [ 14%]
tests/test_requests.py::TestRequests::test_headers_preserve_order ERROR  [ 15%]
tests/test_requests.py::TestRequests::test_user_agent_transfers[User-agent] ERROR [ 15%]
tests/test_requests.py::TestRequests::test_user_agent_transfers[user-agent] ERROR [ 15%]
tests/test_requests.py::TestRequests::test_HTTP_200_OK_HEAD ERROR        [ 15%]
tests/test_requests.py::TestRequests::test_HTTP_200_OK_PUT ERROR         [ 15%]
tests/test_requests.py::TestRequests::test_BASICAUTH_TUPLE_HTTP_200_OK_GET ERROR [ 15%]
tests/test_requests.py::TestRequests::test_set_basicauth[user-pass] ERROR [ 15%]
tests/test_requests.py::TestRequests::test_set_basicauth[\xd0\xb8\xd0\xbc\xd1\x8f-\xd0\xbf\xd0\xb0\xd1\x80\xd0\xbe\xd0\xbb\xd1\x8c] ERROR [ 16%]
tests/test_requests.py::TestRequests::test_set_basicauth[42-42] ERROR    [ 16%]
tests/test_requests.py::TestRequests::test_set_basicauth[None-None] ERROR [ 16%]
tests/test_requests.py::TestRequests::test_basicauth_encodes_byte_strings PASSED [ 16%]
tests/test_requests.py::TestRequests::test_errors[http://doesnotexist.google.com-ConnectionError] PASSED [ 16%]
tests/test_requests.py::TestRequests::test_errors[http://localhost:1-ConnectionError] PASSED [ 16%]
tests/test_requests.py::TestRequests::test_errors[http://fe80::5054:ff:fe5a:fc0-InvalidURL] PASSED [ 17%]
tests/test_requests.py::TestRequests::test_proxy_error PASSED            [ 17%]
tests/test_requests.py::TestRequests::test_proxy_error_on_bad_url ERROR  [ 17%]
tests/test_requests.py::TestRequests::test_respect_proxy_env_on_send_self_prepared_request ERROR [ 17%]
tests/test_requests.py::TestRequests::test_respect_proxy_env_on_send_session_prepared_request ERROR [ 17%]
tests/test_requests.py::TestRequests::test_respect_proxy_env_on_send_with_redirects ERROR [ 17%]
tests/test_requests.py::TestRequests::test_respect_proxy_env_on_get ERROR [ 18%]
tests/test_requests.py::TestRequests::test_respect_proxy_env_on_request ERROR [ 18%]
tests/test_requests.py::TestRequests::test_proxy_authorization_preserved_on_request ERROR [ 18%]
tests/test_requests.py::TestRequests::test_proxy_authorization_not_appended_to_https_request[http://example.com-True] PASSED [ 18%]
tests/test_requests.py::TestRequests::test_proxy_authorization_not_appended_to_https_request[https://example.com-False] PASSED [ 18%]
tests/test_requests.py::TestRequests::test_basicauth_with_netrc ERROR    [ 18%]
tests/test_requests.py::TestRequests::test_basicauth_with_netrc_leak ERROR [ 19%]
tests/test_requests.py::TestRequests::test_DIGEST_HTTP_200_OK_GET ERROR  [ 19%]
tests/test_requests.py::TestRequests::test_DIGEST_AUTH_RETURNS_COOKIE ERROR [ 19%]
tests/test_requests.py::TestRequests::test_DIGEST_AUTH_SETS_SESSION_COOKIES ERROR [ 19%]
tests/test_requests.py::TestRequests::test_DIGEST_STREAM ERROR           [ 19%]
tests/test_requests.py::TestRequests::test_DIGESTAUTH_WRONG_HTTP_401_GET ERROR [ 19%]
tests/test_requests.py::TestRequests::test_DIGESTAUTH_QUOTES_QOP_VALUE ERROR [ 20%]
tests/test_requests.py::TestRequests::test_POSTBIN_GET_POST_FILES ERROR  [ 20%]
tests/test_requests.py::TestRequests::test_invalid_files_input ERROR     [ 20%]
tests/test_requests.py::TestRequests::test_POSTBIN_SEEKED_OBJECT_WITH_NO_ITER ERROR [ 20%]
tests/test_requests.py::TestRequests::test_POSTBIN_GET_POST_FILES_WITH_DATA ERROR [ 20%]
tests/test_requests.py::TestRequests::test_post_with_custom_mapping ERROR [ 20%]
tests/test_requests.py::TestRequests::test_conflicting_post_params ERROR [ 21%]
tests/test_requests.py::TestRequests::test_request_ok_set ERROR          [ 21%]
tests/test_requests.py::TestRequests::test_status_raising ERROR          [ 21%]
tests/test_requests.py::TestRequests::test_decompress_gzip ERROR         [ 21%]
tests/test_requests.py::TestRequests::test_unicode_get[/get-params0] ERROR [ 21%]
tests/test_requests.py::TestRequests::test_unicode_get[/get-params1] ERROR [ 21%]
tests/test_requests.py::TestRequests::test_unicode_get[/get-params2] ERROR [ 22%]
tests/test_requests.py::TestRequests::test_unicode_get[/get-params3] ERROR [ 22%]
tests/test_requests.py::TestRequests::test_unicode_get[\xf8-params4] ERROR [ 22%]
tests/test_requests.py::TestRequests::test_unicode_header_name ERROR     [ 22%]
tests/test_requests.py::TestRequests::test_pyopenssl_redirect ERROR      [ 22%]
tests/test_requests.py::TestRequests::test_invalid_ca_certificate_path ERROR [ 22%]
tests/test_requests.py::TestRequests::test_invalid_ssl_certificate_files ERROR [ 23%]
tests/test_requests.py::TestRequests::test_env_cert_bundles[env0-True] ERROR [ 23%]
tests/test_requests.py::TestRequests::test_env_cert_bundles[env1-/some/path] ERROR [ 23%]
tests/test_requests.py::TestRequests::test_env_cert_bundles[env2-True] ERROR [ 23%]
tests/test_requests.py::TestRequests::test_env_cert_bundles[env3-/some/path] ERROR [ 23%]
tests/test_requests.py::TestRequests::test_env_cert_bundles[env4-True] ERROR [ 23%]
tests/test_requests.py::TestRequests::test_env_cert_bundles[env5-True] ERROR [ 23%]
tests/test_requests.py::TestRequests::test_env_cert_bundles[env6-/some/path] ERROR [ 24%]
tests/test_requests.py::TestRequests::test_env_cert_bundles[env7-/curl/path] ERROR [ 24%]
tests/test_requests.py::TestRequests::test_http_with_certificate ERROR   [ 24%]
tests/test_requests.py::TestRequests::test_https_warnings SKIPPED (u...) [ 24%]
tests/test_requests.py::TestRequests::test_certificate_failure ERROR     [ 24%]
tests/test_requests.py::TestRequests::test_urlencoded_get_query_multivalued_param ERROR [ 24%]
tests/test_requests.py::TestRequests::test_form_encoded_post_query_multivalued_element ERROR [ 25%]
tests/test_requests.py::TestRequests::test_different_encodings_dont_break_post ERROR [ 25%]
tests/test_requests.py::TestRequests::test_unicode_multipart_post[data0] ERROR [ 25%]
tests/test_requests.py::TestRequests::test_unicode_multipart_post[data1] ERROR [ 25%]
tests/test_requests.py::TestRequests::test_unicode_multipart_post[data2] ERROR [ 25%]
tests/test_requests.py::TestRequests::test_unicode_multipart_post[data3] ERROR [ 25%]
tests/test_requests.py::TestRequests::test_unicode_multipart_post_fieldnames ERROR [ 26%]
tests/test_requests.py::TestRequests::test_unicode_method_name ERROR     [ 26%]
tests/test_requests.py::TestRequests::test_unicode_method_name_with_request_object ERROR [ 26%]
tests/test_requests.py::TestRequests::test_non_prepared_request_error PASSED [ 26%]
tests/test_requests.py::TestRequests::test_custom_content_type ERROR     [ 26%]
tests/test_requests.py::TestRequests::test_hook_receives_request_arguments ERROR [ 26%]
tests/test_requests.py::TestRequests::test_session_hooks_are_used_with_no_request_hooks ERROR [ 27%]
tests/test_requests.py::TestRequests::test_session_hooks_are_overridden_by_request_hooks ERROR [ 27%]
tests/test_requests.py::TestRequests::test_prepared_request_hook ERROR   [ 27%]
tests/test_requests.py::TestRequests::test_prepared_from_session ERROR   [ 27%]
tests/test_requests.py::TestRequests::test_prepare_request_with_bytestring_url PASSED [ 27%]
tests/test_requests.py::TestRequests::test_request_with_bytestring_host ERROR [ 27%]
tests/test_requests.py::TestRequests::test_links PASSED                  [ 28%]
tests/test_requests.py::TestRequests::test_cookie_parameters PASSED      [ 28%]
tests/test_requests.py::TestRequests::test_cookie_as_dict_keeps_len PASSED [ 28%]
tests/test_requests.py::TestRequests::test_cookie_as_dict_keeps_items PASSED [ 28%]
tests/test_requests.py::TestRequests::test_cookie_as_dict_keys PASSED    [ 28%]
tests/test_requests.py::TestRequests::test_cookie_as_dict_values PASSED  [ 28%]
tests/test_requests.py::TestRequests::test_cookie_as_dict_items PASSED   [ 29%]
tests/test_requests.py::TestRequests::test_cookie_duplicate_names_different_domains PASSED [ 29%]
tests/test_requests.py::TestRequests::test_cookie_duplicate_names_raises_cookie_conflict_error PASSED [ 29%]
tests/test_requests.py::TestRequests::test_cookie_policy_copy PASSED     [ 29%]
tests/test_requests.py::TestRequests::test_time_elapsed_blank ERROR      [ 29%]
tests/test_requests.py::TestRequests::test_empty_response_has_content_none PASSED [ 29%]
tests/test_requests.py::TestRequests::test_response_is_iterable PASSED   [ 30%]
tests/test_requests.py::TestRequests::test_response_decode_unicode PASSED [ 30%]
tests/test_requests.py::TestRequests::test_response_reason_unicode PASSED [ 30%]
tests/test_requests.py::TestRequests::test_response_reason_unicode_fallback PASSED [ 30%]
tests/test_requests.py::TestRequests::test_response_chunk_size_type PASSED [ 30%]
tests/test_requests.py::TestRequests::test_iter_content_wraps_exceptions[ProtocolError-args0-ChunkedEncodingError] ERROR [ 30%]
tests/test_requests.py::TestRequests::test_iter_content_wraps_exceptions[DecodeError-args1-ContentDecodingError] ERROR [ 30%]
tests/test_requests.py::TestRequests::test_iter_content_wraps_exceptions[ReadTimeoutError-args2-ConnectionError] ERROR [ 31%]
tests/test_requests.py::TestRequests::test_iter_content_wraps_exceptions[SSLError-args3-SSLError] ERROR [ 31%]
tests/test_requests.py::TestRequests::test_request_and_response_are_pickleable ERROR [ 31%]
tests/test_requests.py::TestRequests::test_prepared_request_is_pickleable ERROR [ 31%]
tests/test_requests.py::TestRequests::test_prepared_request_with_file_is_pickleable ERROR [ 31%]
tests/test_requests.py::TestRequests::test_prepared_request_with_hook_is_pickleable ERROR [ 31%]
tests/test_requests.py::TestRequests::test_cannot_send_unprepared_requests ERROR [ 32%]
tests/test_requests.py::TestRequests::test_http_error PASSED             [ 32%]
tests/test_requests.py::TestRequests::test_session_pickling ERROR        [ 32%]
tests/test_requests.py::TestRequests::test_fixes_1329 ERROR              [ 32%]
tests/test_requests.py::TestRequests::test_uppercase_scheme_redirect ERROR [ 32%]
tests/test_requests.py::TestRequests::test_transport_adapter_ordering PASSED [ 32%]
tests/test_requests.py::TestRequests::test_session_get_adapter_prefix_matching PASSED [ 33%]
tests/test_requests.py::TestRequests::test_session_get_adapter_prefix_matching_mixed_case PASSED [ 33%]
tests/test_requests.py::TestRequests::test_session_get_adapter_prefix_matching_is_case_insensitive PASSED [ 33%]
tests/test_requests.py::TestRequests::test_session_get_adapter_prefix_with_trailing_slash PASSED [ 33%]
tests/test_requests.py::TestRequests::test_session_get_adapter_prefix_without_trailing_slash PASSED [ 33%]
tests/test_requests.py::TestRequests::test_header_remove_is_case_insensitive ERROR [ 33%]
tests/test_requests.py::TestRequests::test_params_are_merged_case_sensitive ERROR [ 34%]
tests/test_requests.py::TestRequests::test_long_authinfo_in_url PASSED   [ 34%]
tests/test_requests.py::TestRequests::test_header_keys_are_native ERROR  [ 34%]
tests/test_requests.py::TestRequests::test_header_validation ERROR       [ 34%]
tests/test_requests.py::TestRequests::test_header_value_not_str[invalid_header0-foo] ERROR [ 34%]
tests/test_requests.py::TestRequests::test_header_value_not_str[invalid_header1-bar] ERROR [ 34%]
tests/test_requests.py::TestRequests::test_header_value_not_str[invalid_header2-baz] ERROR [ 35%]
tests/test_requests.py::TestRequests::test_header_no_return_chars[invalid_header0] ERROR [ 35%]
tests/test_requests.py::TestRequests::test_header_no_return_chars[invalid_header1] ERROR [ 35%]
tests/test_requests.py::TestRequests::test_header_no_return_chars[invalid_header2] ERROR [ 35%]
tests/test_requests.py::TestRequests::test_header_no_return_chars[invalid_header3] ERROR [ 35%]
tests/test_requests.py::TestRequests::test_header_no_return_chars[invalid_header4] ERROR [ 35%]
tests/test_requests.py::TestRequests::test_header_no_return_chars[invalid_header5] ERROR [ 36%]
tests/test_requests.py::TestRequests::test_header_no_return_chars[invalid_header6] ERROR [ 36%]
tests/test_requests.py::TestRequests::test_header_no_return_chars[invalid_header7] ERROR [ 36%]
tests/test_requests.py::TestRequests::test_header_no_leading_space[invalid_header0] ERROR [ 36%]
tests/test_requests.py::TestRequests::test_header_no_leading_space[invalid_header1] ERROR [ 36%]
tests/test_requests.py::TestRequests::test_header_no_leading_space[invalid_header2] ERROR [ 36%]
tests/test_requests.py::TestRequests::test_header_no_leading_space[invalid_header3] ERROR [ 37%]
tests/test_requests.py::TestRequests::test_header_no_leading_space[invalid_header4] ERROR [ 37%]
tests/test_requests.py::TestRequests::test_header_no_leading_space[invalid_header5] ERROR [ 37%]
tests/test_requests.py::TestRequests::test_header_no_leading_space[invalid_header6] ERROR [ 37%]
tests/test_requests.py::TestRequests::test_header_with_subclass_types ERROR [ 37%]
tests/test_requests.py::TestRequests::test_can_send_objects_with_files[foo0] ERROR [ 37%]
tests/test_requests.py::TestRequests::test_can_send_objects_with_files[foo1] ERROR [ 38%]
tests/test_requests.py::TestRequests::test_can_send_objects_with_files[files2] ERROR [ 38%]
tests/test_requests.py::TestRequests::test_can_send_file_object_with_non_string_filename ERROR [ 38%]
tests/test_requests.py::TestRequests::test_autoset_header_values_are_native ERROR [ 38%]
tests/test_requests.py::TestRequests::test_nonhttp_schemes_dont_check_URLs PASSED [ 38%]
tests/test_requests.py::TestRequests::test_auth_is_stripped_on_http_downgrade ERROR [ 38%]
tests/test_requests.py::TestRequests::test_auth_is_retained_for_redirect_on_host ERROR [ 38%]
tests/test_requests.py::TestRequests::test_should_strip_auth_host_change PASSED [ 39%]
tests/test_requests.py::TestRequests::test_should_strip_auth_http_downgrade PASSED [ 39%]
tests/test_requests.py::TestRequests::test_should_strip_auth_https_upgrade PASSED [ 39%]
tests/test_requests.py::TestRequests::test_should_strip_auth_port_change PASSED [ 39%]
tests/test_requests.py::TestRequests::test_should_strip_auth_default_port[https://example.com:443/foo-https://example.com/bar] PASSED [ 39%]
tests/test_requests.py::TestRequests::test_should_strip_auth_default_port[http://example.com:80/foo-http://example.com/bar] PASSED [ 39%]
tests/test_requests.py::TestRequests::test_should_strip_auth_default_port[https://example.com/foo-https://example.com:443/bar] PASSED [ 40%]
tests/test_requests.py::TestRequests::test_should_strip_auth_default_port[http://example.com/foo-http://example.com:80/bar] PASSED [ 40%]
tests/test_requests.py::TestRequests::test_manual_redirect_with_partial_body_read ERROR [ 40%]
tests/test_requests.py::TestRequests::test_prepare_body_position_non_stream PASSED [ 40%]
tests/test_requests.py::TestRequests::test_rewind_body PASSED            [ 40%]
tests/test_requests.py::TestRequests::test_rewind_partially_read_body PASSED [ 40%]
tests/test_requests.py::TestRequests::test_rewind_body_no_seek PASSED    [ 41%]
tests/test_requests.py::TestRequests::test_rewind_body_failed_seek PASSED [ 41%]
tests/test_requests.py::TestRequests::test_rewind_body_failed_tell PASSED [ 41%]
tests/test_requests.py::TestRequests::test_redirect_with_wrong_gzipped_header ERROR [ 41%]
tests/test_requests.py::TestRequests::test_basic_auth_str_is_always_native[test-test-Basic dGVzdDp0ZXN0] PASSED [ 41%]
tests/test_requests.py::TestRequests::test_basic_auth_str_is_always_native[\xd0\xb8\xd0\xbc\xd1\x8f-\xd0\xbf\xd0\xb0\xd1\x80\xd0\xbe\xd0\xbb\xd1\x8c-Basic 0LjQvNGPOtC/0LDRgNC+0LvRjA==] PASSED [ 41%]
tests/test_requests.py::TestRequests::test_requests_history_is_saved ERROR [ 42%]
tests/test_requests.py::TestRequests::test_json_param_post_content_type_works ERROR [ 42%]
tests/test_requests.py::TestRequests::test_json_param_post_should_not_override_data_param ERROR [ 42%]
tests/test_requests.py::TestRequests::test_response_iter_lines ERROR     [ 42%]
tests/test_requests.py::TestRequests::test_response_context_manager ERROR [ 42%]
tests/test_requests.py::TestRequests::test_unconsumed_session_response_closes_connection ERROR [ 42%]
tests/test_requests.py::TestRequests::test_response_iter_lines_reentrant XFAIL [ 43%]
tests/test_requests.py::TestRequests::test_session_close_proxy_clear PASSED [ 43%]
tests/test_requests.py::TestRequests::test_proxy_auth PASSED             [ 43%]
tests/test_requests.py::TestRequests::test_proxy_auth_empty_pass PASSED  [ 43%]
tests/test_requests.py::TestRequests::test_response_json_when_content_is_None ERROR [ 43%]
tests/test_requests.py::TestRequests::test_response_without_release_conn PASSED [ 43%]
tests/test_requests.py::TestRequests::test_empty_stream_with_auth_does_not_set_content_length_header ERROR [ 44%]
tests/test_requests.py::TestRequests::test_stream_with_auth_does_not_set_transfer_encoding_header ERROR [ 44%]
tests/test_requests.py::TestRequests::test_chunked_upload_does_not_set_content_length_header ERROR [ 44%]
tests/test_requests.py::TestRequests::test_custom_redirect_mixin ERROR   [ 44%]
tests/test_requests.py::TestCaseInsensitiveDict::test_init[cid0] PASSED  [ 44%]
tests/test_requests.py::TestCaseInsensitiveDict::test_init[cid1] PASSED  [ 44%]
tests/test_requests.py::TestCaseInsensitiveDict::test_init[cid2] PASSED  [ 45%]
tests/test_requests.py::TestCaseInsensitiveDict::test_docstring_example PASSED [ 45%]
tests/test_requests.py::TestCaseInsensitiveDict::test_len PASSED         [ 45%]
tests/test_requests.py::TestCaseInsensitiveDict::test_getitem PASSED     [ 45%]
tests/test_requests.py::TestCaseInsensitiveDict::test_fixes_649 PASSED   [ 45%]
tests/test_requests.py::TestCaseInsensitiveDict::test_delitem PASSED     [ 45%]
tests/test_requests.py::TestCaseInsensitiveDict::test_contains PASSED    [ 46%]
tests/test_requests.py::TestCaseInsensitiveDict::test_get PASSED         [ 46%]
tests/test_requests.py::TestCaseInsensitiveDict::test_update PASSED      [ 46%]
tests/test_requests.py::TestCaseInsensitiveDict::test_update_retains_unchanged PASSED [ 46%]
tests/test_requests.py::TestCaseInsensitiveDict::test_iter PASSED        [ 46%]
tests/test_requests.py::TestCaseInsensitiveDict::test_equality PASSED    [ 46%]
tests/test_requests.py::TestCaseInsensitiveDict::test_setdefault PASSED  [ 46%]
tests/test_requests.py::TestCaseInsensitiveDict::test_lower_items PASSED [ 47%]
tests/test_requests.py::TestCaseInsensitiveDict::test_preserve_key_case PASSED [ 47%]
tests/test_requests.py::TestCaseInsensitiveDict::test_preserve_last_key_case PASSED [ 47%]
tests/test_requests.py::TestCaseInsensitiveDict::test_copy PASSED        [ 47%]
tests/test_requests.py::TestMorselToCookieExpires::test_expires_valid_str PASSED [ 47%]
tests/test_requests.py::TestMorselToCookieExpires::test_expires_invalid_int[100-TypeError] PASSED [ 47%]
tests/test_requests.py::TestMorselToCookieExpires::test_expires_invalid_int[woops-ValueError] PASSED [ 48%]
tests/test_requests.py::TestMorselToCookieExpires::test_expires_none PASSED [ 48%]
tests/test_requests.py::TestMorselToCookieMaxAge::test_max_age_valid_int PASSED [ 48%]
tests/test_requests.py::TestMorselToCookieMaxAge::test_max_age_invalid_str PASSED [ 48%]
tests/test_requests.py::TestTimeout::test_stream_timeout ERROR           [ 48%]
tests/test_requests.py::TestTimeout::test_invalid_timeout[timeout0-(connect, read)] ERROR [ 48%]
tests/test_requests.py::TestTimeout::test_invalid_timeout[foo-must be an int, float or None] ERROR [ 49%]
tests/test_requests.py::TestTimeout::test_none_timeout[None] ERROR       [ 49%]
tests/test_requests.py::TestTimeout::test_none_timeout[timeout1] ERROR   [ 49%]
tests/test_requests.py::TestTimeout::test_read_timeout[timeout0] ERROR   [ 49%]
tests/test_requests.py::TestTimeout::test_read_timeout[timeout1] ERROR   [ 49%]
tests/test_requests.py::TestTimeout::test_connect_timeout[timeout0] PASSED [ 49%]
tests/test_requests.py::TestTimeout::test_connect_timeout[timeout1] PASSED [ 50%]
tests/test_requests.py::TestTimeout::test_total_timeout_connect[timeout0] PASSED [ 50%]
tests/test_requests.py::TestTimeout::test_total_timeout_connect[timeout1] PASSED [ 50%]
tests/test_requests.py::TestTimeout::test_encoded_methods ERROR          [ 50%]
tests/test_requests.py::test_json_encodes_as_bytes PASSED                [ 50%]
tests/test_requests.py::test_requests_are_updated_each_time ERROR        [ 50%]
tests/test_requests.py::test_proxy_env_vars_override_default[http_proxy-http://example.com-socks5://proxy.com:9876] PASSED [ 51%]
tests/test_requests.py::test_proxy_env_vars_override_default[https_proxy-https://example.com-socks5://proxy.com:9876] PASSED [ 51%]
tests/test_requests.py::test_proxy_env_vars_override_default[all_proxy-http://example.com-socks5://proxy.com:9876] PASSED [ 51%]
tests/test_requests.py::test_proxy_env_vars_override_default[all_proxy-https://example.com-socks5://proxy.com:9876] PASSED [ 51%]
tests/test_requests.py::test_data_argument_accepts_tuples[data0] PASSED  [ 51%]
tests/test_requests.py::test_data_argument_accepts_tuples[data1] PASSED  [ 51%]
tests/test_requests.py::test_data_argument_accepts_tuples[data2] PASSED  [ 52%]
tests/test_requests.py::test_prepared_copy[None] PASSED                  [ 52%]
tests/test_requests.py::test_prepared_copy[kwargs1] PASSED               [ 52%]
tests/test_requests.py::test_prepared_copy[kwargs2] PASSED               [ 52%]
tests/test_requests.py::test_prepared_copy[kwargs3] PASSED               [ 52%]
tests/test_requests.py::test_urllib3_retries ERROR                       [ 52%]
tests/test_requests.py::test_urllib3_pool_connection_closed ERROR        [ 53%]
tests/test_requests.py::TestPreparingURLs::test_preparing_url[http://google.com-http://google.com/] PASSED [ 53%]
tests/test_requests.py::TestPreparingURLs::test_preparing_url[http://\u30b8\u30a7\u30fc\u30d4\u30fc\u30cb\u30c3\u30af.jp-http://xn--hckqz9bzb1cyrb.jp/] PASSED [ 53%]
tests/test_requests.py::TestPreparingURLs::test_preparing_url[http://xn--n3h.net/-http://xn--n3h.net/0] PASSED [ 53%]
tests/test_requests.py::TestPreparingURLs::test_preparing_url[http://\xe3\x82\xb8\xe3\x82\xa7\xe3\x83\xbc\xe3\x83\x94\xe3\x83\xbc\xe3\x83\x8b\xe3\x83\x83\xe3\x82\xaf.jp-http://xn--hckqz9bzb1cyrb.jp/] PASSED [ 53%]
tests/test_requests.py::TestPreparingURLs::test_preparing_url[http://stra\xdfe.de/stra\xdfe-http://xn--strae-oqa.de/stra%C3%9Fe] PASSED [ 53%]
tests/test_requests.py::TestPreparingURLs::test_preparing_url[http://stra\xc3\x9fe.de/stra\xc3\x9fe-http://xn--strae-oqa.de/stra%C3%9Fe] PASSED [ 53%]
tests/test_requests.py::TestPreparingURLs::test_preparing_url[http://K\xf6nigsg\xe4\xdfchen.de/stra\xdfe-http://xn--knigsgchen-b4a3dun.de/stra%C3%9Fe] PASSED [ 54%]
tests/test_requests.py::TestPreparingURLs::test_preparing_url[http://K\xc3\xb6nigsg\xc3\xa4\xc3\x9fchen.de/stra\xc3\x9fe-http://xn--knigsgchen-b4a3dun.de/stra%C3%9Fe] PASSED [ 54%]
tests/test_requests.py::TestPreparingURLs::test_preparing_url[http://xn--n3h.net/-http://xn--n3h.net/1] PASSED [ 54%]
tests/test_requests.py::TestPreparingURLs::test_preparing_url[http://[1200:0000:ab00:1234:0000:2552:7777:1313]:12345/-http://[1200:0000:ab00:1234:0000:2552:7777:1313]:12345/0] PASSED [ 54%]
tests/test_requests.py::TestPreparingURLs::test_preparing_url[http://[1200:0000:ab00:1234:0000:2552:7777:1313]:12345/-http://[1200:0000:ab00:1234:0000:2552:7777:1313]:12345/1] PASSED [ 54%]
tests/test_requests.py::TestPreparingURLs::test_preparing_bad_url[http://*.google.com0] PASSED [ 54%]
tests/test_requests.py::TestPreparingURLs::test_preparing_bad_url[http://*0] PASSED [ 55%]
tests/test_requests.py::TestPreparingURLs::test_preparing_bad_url[http://*.google.com1] PASSED [ 55%]
tests/test_requests.py::TestPreparingURLs::test_preparing_bad_url[http://*1] PASSED [ 55%]
tests/test_requests.py::TestPreparingURLs::test_preparing_bad_url[http://\u2603.net/] PASSED [ 55%]
tests/test_requests.py::TestPreparingURLs::test_redirecting_to_bad_url[http://:1-InvalidURL] ERROR [ 55%]
tests/test_requests.py::TestPreparingURLs::test_url_mutation[http+unix://%2Fvar%2Frun%2Fsocket/path%7E-http+unix://%2Fvar%2Frun%2Fsocket/path~0] PASSED [ 55%]
tests/test_requests.py::TestPreparingURLs::test_url_mutation[http+unix://%2Fvar%2Frun%2Fsocket/path%7E-http+unix://%2Fvar%2Frun%2Fsocket/path~1] PASSED [ 56%]
tests/test_requests.py::TestPreparingURLs::test_url_mutation[mailto:user@example.org-mailto:user@example.org0] PASSED [ 56%]
tests/test_requests.py::TestPreparingURLs::test_url_mutation[mailto:user@example.org-mailto:user@example.org1] PASSED [ 56%]
tests/test_requests.py::TestPreparingURLs::test_url_mutation[data:SSDimaUgUHl0aG9uIQ==-data:SSDimaUgUHl0aG9uIQ==] PASSED [ 56%]
tests/test_requests.py::TestPreparingURLs::test_parameters_for_nonstandard_schemes[http+unix://%2Fvar%2Frun%2Fsocket/path-params0-http+unix://%2Fvar%2Frun%2Fsocket/path?key=value] PASSED [ 56%]
tests/test_requests.py::TestPreparingURLs::test_parameters_for_nonstandard_schemes[http+unix://%2Fvar%2Frun%2Fsocket/path-params1-http+unix://%2Fvar%2Frun%2Fsocket/path?key=value] PASSED [ 56%]
tests/test_requests.py::TestPreparingURLs::test_parameters_for_nonstandard_schemes[mailto:user@example.org-params2-mailto:user@example.org] PASSED [ 57%]
tests/test_requests.py::TestPreparingURLs::test_parameters_for_nonstandard_schemes[mailto:user@example.org-params3-mailto:user@example.org] PASSED [ 57%]
tests/test_requests.py::TestPreparingURLs::test_post_json_nan ERROR      [ 57%]
tests/test_requests.py::TestPreparingURLs::test_json_decode_compatibility ERROR [ 57%]
tests/test_requests.py::TestPreparingURLs::test_json_decode_persists_doc_attr ERROR [ 57%]
tests/test_requests.py::TestPreparingURLs::test_status_code_425 PASSED   [ 57%]
tests/test_requests.py::TestPreparingURLs::test_different_connection_pool_for_tls_settings_verify_True PASSED [ 58%]
tests/test_requests.py::TestPreparingURLs::test_different_connection_pool_for_tls_settings_verify_bundle_expired_cert PASSED [ 58%]
tests/test_requests.py::TestPreparingURLs::test_different_connection_pool_for_tls_settings_verify_bundle_unexpired_cert PASSED [ 58%]
tests/test_requests.py::TestPreparingURLs::test_different_connection_pool_for_mtls_settings PASSED [ 58%]
tests/test_requests.py::test_content_length_for_bytes_data ERROR         [ 58%]
tests/test_requests.py::test_content_length_for_string_data_counts_bytes ERROR [ 58%]
tests/test_requests.py::test_json_decode_errors_are_serializable_deserializable PASSED [ 59%]
tests/test_sample.py::test_add PASSED                                    [ 59%]
tests/test_sample.py::test_add2 PASSED                                   [ 59%]
tests/test_structures.py::TestCaseInsensitiveDict::test_list PASSED      [ 59%]
tests/test_structures.py::TestCaseInsensitiveDict::test_getitem[accept] PASSED [ 59%]
tests/test_structures.py::TestCaseInsensitiveDict::test_getitem[ACCEPT] PASSED [ 59%]
tests/test_structures.py::TestCaseInsensitiveDict::test_getitem[aCcEpT] PASSED [ 60%]
tests/test_structures.py::TestCaseInsensitiveDict::test_getitem[Accept] PASSED [ 60%]
tests/test_structures.py::TestCaseInsensitiveDict::test_delitem[accept] PASSED [ 60%]
tests/test_structures.py::TestCaseInsensitiveDict::test_delitem[ACCEPT] PASSED [ 60%]
tests/test_structures.py::TestCaseInsensitiveDict::test_delitem[aCcEpT] PASSED [ 60%]
tests/test_structures.py::TestCaseInsensitiveDict::test_delitem[Accept] PASSED [ 60%]
tests/test_structures.py::TestCaseInsensitiveDict::test_lower_items PASSED [ 61%]
tests/test_structures.py::TestCaseInsensitiveDict::test_repr PASSED      [ 61%]
tests/test_structures.py::TestCaseInsensitiveDict::test_copy PASSED      [ 61%]
tests/test_structures.py::TestCaseInsensitiveDict::test_instance_equality[other0-True] PASSED [ 61%]
tests/test_structures.py::TestCaseInsensitiveDict::test_instance_equality[other1-False] PASSED [ 61%]
tests/test_structures.py::TestCaseInsensitiveDict::test_instance_equality[None-False] PASSED [ 61%]
tests/test_structures.py::TestLookupDict::test_repr PASSED               [ 61%]
tests/test_structures.py::TestLookupDict::test_getitem[bad_gateway-502] PASSED [ 62%]
tests/test_structures.py::TestLookupDict::test_getitem[not_a_key-None] PASSED [ 62%]
tests/test_structures.py::TestLookupDict::test_get[bad_gateway-502] PASSED [ 62%]
tests/test_structures.py::TestLookupDict::test_get[not_a_key-None] PASSED [ 62%]
tests/test_testserver.py::TestTestServer::test_basic PASSED              [ 62%]
tests/test_testserver.py::TestTestServer::test_server_closes PASSED      [ 62%]
tests/test_testserver.py::TestTestServer::test_text_response PASSED      [ 63%]
tests/test_testserver.py::TestTestServer::test_basic_response PASSED     [ 63%]
tests/test_testserver.py::TestTestServer::test_basic_waiting_server PASSED [ 63%]
tests/test_testserver.py::TestTestServer::test_multiple_requests PASSED  [ 63%]
tests/test_testserver.py::TestTestServer::test_request_recovery SKIPPED  [ 63%]
tests/test_testserver.py::TestTestServer::test_requests_after_timeout_are_not_received PASSED [ 63%]
tests/test_testserver.py::TestTestServer::test_request_recovery_with_bigger_timeout PASSED [ 64%]
tests/test_testserver.py::TestTestServer::test_server_finishes_on_error PASSED [ 64%]
tests/test_testserver.py::TestTestServer::test_server_finishes_when_no_connections PASSED [ 64%]
tests/test_utils.py::TestSuperLen::test_io_streams[StringIO-Test] PASSED [ 64%]
tests/test_utils.py::TestSuperLen::test_io_streams[BytesIO-Test] PASSED  [ 64%]
tests/test_utils.py::TestSuperLen::test_io_streams[None-Test] SKIPPED    [ 64%]
tests/test_utils.py::TestSuperLen::test_super_len_correctly_calculates_len_of_partially_read_file PASSED [ 65%]
tests/test_utils.py::TestSuperLen::test_super_len_handles_files_raising_weird_errors_in_tell[OSError0] PASSED [ 65%]
tests/test_utils.py::TestSuperLen::test_super_len_handles_files_raising_weird_errors_in_tell[OSError1] PASSED [ 65%]
tests/test_utils.py::TestSuperLen::test_super_len_tell_ioerror[OSError0] PASSED [ 65%]
tests/test_utils.py::TestSuperLen::test_super_len_tell_ioerror[OSError1] PASSED [ 65%]
tests/test_utils.py::TestSuperLen::test_string PASSED                    [ 65%]
tests/test_utils.py::TestSuperLen::test_file[r-1] PASSED                 [ 66%]
tests/test_utils.py::TestSuperLen::test_file[rb-0] PASSED                [ 66%]
tests/test_utils.py::TestSuperLen::test_tarfile_member PASSED            [ 66%]
tests/test_utils.py::TestSuperLen::test_super_len_with__len__ PASSED     [ 66%]
tests/test_utils.py::TestSuperLen::test_super_len_with_no__len__ PASSED  [ 66%]
tests/test_utils.py::TestSuperLen::test_super_len_with_tell PASSED       [ 66%]
tests/test_utils.py::TestSuperLen::test_super_len_with_fileno PASSED     [ 67%]
tests/test_utils.py::TestSuperLen::test_super_len_with_no_matches PASSED [ 67%]
tests/test_utils.py::TestGetNetrcAuth::test_works PASSED                 [ 67%]
tests/test_utils.py::TestGetNetrcAuth::test_not_vulnerable_to_bad_url_parsing PASSED [ 67%]
tests/test_utils.py::TestToKeyValList::test_valid[value0-expected0] PASSED [ 67%]
tests/test_utils.py::TestToKeyValList::test_valid[value1-expected1] PASSED [ 67%]
tests/test_utils.py::TestToKeyValList::test_valid[value2-expected2] PASSED [ 68%]
tests/test_utils.py::TestToKeyValList::test_valid[None-None] PASSED      [ 68%]
tests/test_utils.py::TestToKeyValList::test_invalid PASSED               [ 68%]
tests/test_utils.py::TestUnquoteHeaderValue::test_valid[None-None] PASSED [ 68%]
tests/test_utils.py::TestUnquoteHeaderValue::test_valid[Test-Test] PASSED [ 68%]
tests/test_utils.py::TestUnquoteHeaderValue::test_valid["Test"-Test] PASSED [ 68%]
tests/test_utils.py::TestUnquoteHeaderValue::test_valid["Test\\\\"-Test\\] PASSED [ 69%]
tests/test_utils.py::TestUnquoteHeaderValue::test_valid["\\\\Comp\\Res"-\\Comp\\Res] PASSED [ 69%]
tests/test_utils.py::TestUnquoteHeaderValue::test_is_filename PASSED     [ 69%]
tests/test_utils.py::TestGetEnvironProxies::test_bypass[no_proxy-http://192.168.0.1:5000/] PASSED [ 69%]
tests/test_utils.py::TestGetEnvironProxies::test_bypass[no_proxy-http://192.168.0.1/] PASSED [ 69%]
tests/test_utils.py::TestGetEnvironProxies::test_bypass[no_proxy-http://172.16.1.1/] PASSED [ 69%]
tests/test_utils.py::TestGetEnvironProxies::test_bypass[no_proxy-http://172.16.1.1:5000/] PASSED [ 69%]
tests/test_utils.py::TestGetEnvironProxies::test_bypass[no_proxy-http://localhost.localdomain:5000/v1.0/] PASSED [ 70%]
tests/test_utils.py::TestGetEnvironProxies::test_bypass[NO_PROXY-http://192.168.0.1:5000/] PASSED [ 70%]
tests/test_utils.py::TestGetEnvironProxies::test_bypass[NO_PROXY-http://192.168.0.1/] PASSED [ 70%]
tests/test_utils.py::TestGetEnvironProxies::test_bypass[NO_PROXY-http://172.16.1.1/] PASSED [ 70%]
tests/test_utils.py::TestGetEnvironProxies::test_bypass[NO_PROXY-http://172.16.1.1:5000/] PASSED [ 70%]
tests/test_utils.py::TestGetEnvironProxies::test_bypass[NO_PROXY-http://localhost.localdomain:5000/v1.0/] PASSED [ 70%]
tests/test_utils.py::TestGetEnvironProxies::test_not_bypass[no_proxy-http://192.168.1.1:5000/] PASSED [ 71%]
tests/test_utils.py::TestGetEnvironProxies::test_not_bypass[no_proxy-http://192.168.1.1/] PASSED [ 71%]
tests/test_utils.py::TestGetEnvironProxies::test_not_bypass[no_proxy-http://www.requests.com/] PASSED [ 71%]
tests/test_utils.py::TestGetEnvironProxies::test_not_bypass[NO_PROXY-http://192.168.1.1:5000/] PASSED [ 71%]
tests/test_utils.py::TestGetEnvironProxies::test_not_bypass[NO_PROXY-http://192.168.1.1/] PASSED [ 71%]
tests/test_utils.py::TestGetEnvironProxies::test_not_bypass[NO_PROXY-http://www.requests.com/] PASSED [ 71%]
tests/test_utils.py::TestGetEnvironProxies::test_bypass_no_proxy_keyword[no_proxy-http://192.168.1.1:5000/] PASSED [ 72%]
tests/test_utils.py::TestGetEnvironProxies::test_bypass_no_proxy_keyword[no_proxy-http://192.168.1.1/] PASSED [ 72%]
tests/test_utils.py::TestGetEnvironProxies::test_bypass_no_proxy_keyword[no_proxy-http://www.requests.com/] PASSED [ 72%]
tests/test_utils.py::TestGetEnvironProxies::test_bypass_no_proxy_keyword[NO_PROXY-http://192.168.1.1:5000/] PASSED [ 72%]
tests/test_utils.py::TestGetEnvironProxies::test_bypass_no_proxy_keyword[NO_PROXY-http://192.168.1.1/] PASSED [ 72%]
tests/test_utils.py::TestGetEnvironProxies::test_bypass_no_proxy_keyword[NO_PROXY-http://www.requests.com/] PASSED [ 72%]
tests/test_utils.py::TestGetEnvironProxies::test_not_bypass_no_proxy_keyword[no_proxy-http://192.168.0.1:5000/] PASSED [ 73%]
tests/test_utils.py::TestGetEnvironProxies::test_not_bypass_no_proxy_keyword[no_proxy-http://192.168.0.1/] PASSED [ 73%]
tests/test_utils.py::TestGetEnvironProxies::test_not_bypass_no_proxy_keyword[no_proxy-http://172.16.1.1/] PASSED [ 73%]
tests/test_utils.py::TestGetEnvironProxies::test_not_bypass_no_proxy_keyword[no_proxy-http://172.16.1.1:5000/] PASSED [ 73%]
tests/test_utils.py::TestGetEnvironProxies::test_not_bypass_no_proxy_keyword[no_proxy-http://localhost.localdomain:5000/v1.0/] PASSED [ 73%]
tests/test_utils.py::TestGetEnvironProxies::test_not_bypass_no_proxy_keyword[NO_PROXY-http://192.168.0.1:5000/] PASSED [ 73%]
tests/test_utils.py::TestGetEnvironProxies::test_not_bypass_no_proxy_keyword[NO_PROXY-http://192.168.0.1/] PASSED [ 74%]
tests/test_utils.py::TestGetEnvironProxies::test_not_bypass_no_proxy_keyword[NO_PROXY-http://172.16.1.1/] PASSED [ 74%]
tests/test_utils.py::TestGetEnvironProxies::test_not_bypass_no_proxy_keyword[NO_PROXY-http://172.16.1.1:5000/] PASSED [ 74%]
tests/test_utils.py::TestGetEnvironProxies::test_not_bypass_no_proxy_keyword[NO_PROXY-http://localhost.localdomain:5000/v1.0/] PASSED [ 74%]
tests/test_utils.py::TestIsIPv4Address::test_valid PASSED                [ 74%]
tests/test_utils.py::TestIsIPv4Address::test_invalid[8.8.8.8.8] PASSED   [ 74%]
tests/test_utils.py::TestIsIPv4Address::test_invalid[localhost.localdomain] PASSED [ 75%]
tests/test_utils.py::TestIsValidCIDR::test_valid PASSED                  [ 75%]
tests/test_utils.py::TestIsValidCIDR::test_invalid[8.8.8.8] PASSED       [ 75%]
tests/test_utils.py::TestIsValidCIDR::test_invalid[192.168.1.0/a] PASSED [ 75%]
tests/test_utils.py::TestIsValidCIDR::test_invalid[192.168.1.0/128] PASSED [ 75%]
tests/test_utils.py::TestIsValidCIDR::test_invalid[192.168.1.0/-1] PASSED [ 75%]
tests/test_utils.py::TestIsValidCIDR::test_invalid[192.168.1.999/24] PASSED [ 76%]
tests/test_utils.py::TestAddressInNetwork::test_valid PASSED             [ 76%]
tests/test_utils.py::TestAddressInNetwork::test_invalid PASSED           [ 76%]
tests/test_utils.py::TestGuessFilename::test_guess_filename_invalid[1] PASSED [ 76%]
tests/test_utils.py::TestGuessFilename::test_guess_filename_invalid[value1] PASSED [ 76%]
tests/test_utils.py::TestGuessFilename::test_guess_filename_valid[value-bytes] PASSED [ 76%]
tests/test_utils.py::TestGuessFilename::test_guess_filename_valid[value-str] PASSED [ 76%]
tests/test_utils.py::TestExtractZippedPaths::test_unzipped_paths_unchanged[/] PASSED [ 77%]
tests/test_utils.py::TestExtractZippedPaths::test_unzipped_paths_unchanged[/home/vboxuser/requests/tests/test_utils.py] PASSED [ 77%]
tests/test_utils.py::TestExtractZippedPaths::test_unzipped_paths_unchanged[/home/vboxuser/cdl/lib/python3.12/site-packages/pytest/__init__.py] PASSED [ 77%]
tests/test_utils.py::TestExtractZippedPaths::test_unzipped_paths_unchanged[/etc/invalid/location] PASSED [ 77%]
tests/test_utils.py::TestExtractZippedPaths::test_zipped_paths_extracted PASSED [ 77%]
tests/test_utils.py::TestExtractZippedPaths::test_invalid_unc_path PASSED [ 77%]
tests/test_utils.py::TestContentEncodingDetection::test_none PASSED      [ 78%]
tests/test_utils.py::TestContentEncodingDetection::test_pragmas[<meta charset="UTF-8">] PASSED [ 78%]
tests/test_utils.py::TestContentEncodingDetection::test_pragmas[<meta http-equiv="Content-type" content="text/html;charset=UTF-8">] PASSED [ 78%]
tests/test_utils.py::TestContentEncodingDetection::test_pragmas[<meta http-equiv="Content-type" content="text/html;charset=UTF-8" />] PASSED [ 78%]
tests/test_utils.py::TestContentEncodingDetection::test_pragmas[<?xml version="1.0" encoding="UTF-8"?>] PASSED [ 78%]
tests/test_utils.py::TestContentEncodingDetection::test_precedence PASSED [ 78%]
tests/test_utils.py::TestGuessJSONUTF::test_encoded[utf-32] PASSED       [ 79%]
tests/test_utils.py::TestGuessJSONUTF::test_encoded[utf-8-sig] PASSED    [ 79%]
tests/test_utils.py::TestGuessJSONUTF::test_encoded[utf-16] PASSED       [ 79%]
tests/test_utils.py::TestGuessJSONUTF::test_encoded[utf-8] PASSED        [ 79%]
tests/test_utils.py::TestGuessJSONUTF::test_encoded[utf-16-be] PASSED    [ 79%]
tests/test_utils.py::TestGuessJSONUTF::test_encoded[utf-16-le] PASSED    [ 79%]
tests/test_utils.py::TestGuessJSONUTF::test_encoded[utf-32-be] PASSED    [ 80%]
tests/test_utils.py::TestGuessJSONUTF::test_encoded[utf-32-le] PASSED    [ 80%]
tests/test_utils.py::TestGuessJSONUTF::test_bad_utf_like_encoding PASSED [ 80%]
tests/test_utils.py::TestGuessJSONUTF::test_guess_by_bom[utf-16-be-utf-16] PASSED [ 80%]
tests/test_utils.py::TestGuessJSONUTF::test_guess_by_bom[utf-16-le-utf-16] PASSED [ 80%]
tests/test_utils.py::TestGuessJSONUTF::test_guess_by_bom[utf-32-be-utf-32] PASSED [ 80%]
tests/test_utils.py::TestGuessJSONUTF::test_guess_by_bom[utf-32-le-utf-32] PASSED [ 81%]
tests/test_utils.py::test_get_auth_from_url[http://%25%21%2A%27%28%29%3B%3A%40%26%3D%2B%24%2C%2F%3F%23%5B%5D%20:%25%21%2A%27%28%29%3B%3A%40%26%3D%2B%24%2C%2F%3F%23%5B%5D%20@request.com/url.html#test-auth0] PASSED [ 81%]
tests/test_utils.py::test_get_auth_from_url[http://user:pass@complex.url.com/path?query=yes-auth1] PASSED [ 81%]
tests/test_utils.py::test_get_auth_from_url[http://user:pass%20pass@complex.url.com/path?query=yes-auth2] PASSED [ 81%]
tests/test_utils.py::test_get_auth_from_url[http://user:pass pass@complex.url.com/path?query=yes-auth3] PASSED [ 81%]
tests/test_utils.py::test_get_auth_from_url[http://user%25user:pass@complex.url.com/path?query=yes-auth4] PASSED [ 81%]
tests/test_utils.py::test_get_auth_from_url[http://user:pass%23pass@complex.url.com/path?query=yes-auth5] PASSED [ 82%]
tests/test_utils.py::test_get_auth_from_url[http://complex.url.com/path?query=yes-auth6] PASSED [ 82%]
tests/test_utils.py::test_requote_uri_with_unquoted_percents[http://example.com/fiz?buz=%25ppicture-http://example.com/fiz?buz=%25ppicture] PASSED [ 82%]
tests/test_utils.py::test_requote_uri_with_unquoted_percents[http://example.com/fiz?buz=%ppicture-http://example.com/fiz?buz=%25ppicture] PASSED [ 82%]
tests/test_utils.py::test_unquote_unreserved[http://example.com/?a=%---http://example.com/?a=%--] PASSED [ 82%]
tests/test_utils.py::test_unquote_unreserved[http://example.com/?a=%300-http://example.com/?a=00] PASSED [ 82%]
tests/test_utils.py::test_dotted_netmask[8-255.0.0.0] PASSED             [ 83%]
tests/test_utils.py::test_dotted_netmask[24-255.255.255.0] PASSED        [ 83%]
tests/test_utils.py::test_dotted_netmask[25-255.255.255.128] PASSED      [ 83%]
tests/test_utils.py::test_select_proxies[hTTp://u:p@Some.Host/path-http://some.host.proxy-proxies0] PASSED [ 83%]
tests/test_utils.py::test_select_proxies[hTTp://u:p@Other.Host/path-http://http.proxy-proxies1] PASSED [ 83%]
tests/test_utils.py::test_select_proxies[hTTp:///path-http://http.proxy-proxies2] PASSED [ 83%]
tests/test_utils.py::test_select_proxies[hTTps://Other.Host-None-proxies3] PASSED [ 84%]
tests/test_utils.py::test_select_proxies[file:///etc/motd-None-proxies4] PASSED [ 84%]
tests/test_utils.py::test_select_proxies[hTTp://u:p@Some.Host/path-socks5://some.host.proxy-proxies5] PASSED [ 84%]
tests/test_utils.py::test_select_proxies[hTTp://u:p@Other.Host/path-socks5://http.proxy-proxies6] PASSED [ 84%]
tests/test_utils.py::test_select_proxies[hTTp:///path-socks5://http.proxy-proxies7] PASSED [ 84%]
tests/test_utils.py::test_select_proxies[hTTps://Other.Host-socks5://http.proxy-proxies8] PASSED [ 84%]
tests/test_utils.py::test_select_proxies[http://u:p@other.host/path-http://http.proxy-proxies9] PASSED [ 84%]
tests/test_utils.py::test_select_proxies[http://u:p@some.host/path-http://some.host.proxy-proxies10] PASSED [ 85%]
tests/test_utils.py::test_select_proxies[https://u:p@other.host/path-socks5://http.proxy-proxies11] PASSED [ 85%]
tests/test_utils.py::test_select_proxies[https://u:p@some.host/path-socks5://http.proxy-proxies12] PASSED [ 85%]
tests/test_utils.py::test_select_proxies[https://-socks5://http.proxy-proxies13] PASSED [ 85%]
tests/test_utils.py::test_select_proxies[file:///etc/motd-socks5://http.proxy-proxies14] PASSED [ 85%]
tests/test_utils.py::test_parse_dict_header[foo="is a fish", bar="as well"-expected0] PASSED [ 85%]
tests/test_utils.py::test_parse_dict_header[key_without_value-expected1] PASSED [ 86%]
tests/test_utils.py::test__parse_content_type_header[application/xml-expected0] PASSED [ 86%]
tests/test_utils.py::test__parse_content_type_header[application/json ; charset=utf-8-expected1] PASSED [ 86%]
tests/test_utils.py::test__parse_content_type_header[application/json ; Charset=utf-8-expected2] PASSED [ 86%]
tests/test_utils.py::test__parse_content_type_header[text/plain-expected3] PASSED [ 86%]
tests/test_utils.py::test__parse_content_type_header[multipart/form-data; boundary = something ; boundary2='something_else' ; no_equals -expected4] PASSED [ 86%]
tests/test_utils.py::test__parse_content_type_header[multipart/form-data; boundary = something ; boundary2="something_else" ; no_equals -expected5] PASSED [ 87%]
tests/test_utils.py::test__parse_content_type_header[multipart/form-data; boundary = something ; 'boundary2=something_else' ; no_equals -expected6] PASSED [ 87%]
tests/test_utils.py::test__parse_content_type_header[multipart/form-data; boundary = something ; "boundary2=something_else" ; no_equals -expected7] PASSED [ 87%]
tests/test_utils.py::test__parse_content_type_header[application/json ; ; -expected8] PASSED [ 87%]
tests/test_utils.py::test_get_encoding_from_headers[value0-None] PASSED  [ 87%]
tests/test_utils.py::test_get_encoding_from_headers[value1-utf-8] PASSED [ 87%]
tests/test_utils.py::test_get_encoding_from_headers[value2-ISO-8859-1] PASSED [ 88%]
tests/test_utils.py::test_iter_slices[-0] PASSED                         [ 88%]
tests/test_utils.py::test_iter_slices[T-1] PASSED                        [ 88%]
tests/test_utils.py::test_iter_slices[Test-4] PASSED                     [ 88%]
tests/test_utils.py::test_iter_slices[Cont-0] PASSED                     [ 88%]
tests/test_utils.py::test_iter_slices[Other--5] PASSED                   [ 88%]
tests/test_utils.py::test_iter_slices[Content-None] PASSED               [ 89%]
tests/test_utils.py::test_parse_header_links[<http:/.../front.jpeg>; rel=front; type="image/jpeg"-expected0] PASSED [ 89%]
tests/test_utils.py::test_parse_header_links[<http:/.../front.jpeg>-expected1] PASSED [ 89%]
tests/test_utils.py::test_parse_header_links[<http:/.../front.jpeg>;-expected2] PASSED [ 89%]
tests/test_utils.py::test_parse_header_links[<http:/.../front.jpeg>; type="image/jpeg",<http://.../back.jpeg>;-expected3] PASSED [ 89%]
tests/test_utils.py::test_parse_header_links[-expected4] PASSED          [ 89%]
tests/test_utils.py::test_prepend_scheme_if_needed[example.com/path-http://example.com/path] PASSED [ 90%]
tests/test_utils.py::test_prepend_scheme_if_needed[//example.com/path-http://example.com/path] PASSED [ 90%]
tests/test_utils.py::test_prepend_scheme_if_needed[example.com:80-http://example.com:80] PASSED [ 90%]
tests/test_utils.py::test_prepend_scheme_if_needed[http://user:pass@example.com/path?query-http://user:pass@example.com/path?query] PASSED [ 90%]
tests/test_utils.py::test_prepend_scheme_if_needed[http://user@example.com/path?query-http://user@example.com/path?query] PASSED [ 90%]
tests/test_utils.py::test_to_native_string[T-T0] PASSED                  [ 90%]
tests/test_utils.py::test_to_native_string[T-T1] PASSED                  [ 91%]
tests/test_utils.py::test_to_native_string[T-T2] PASSED                  [ 91%]
tests/test_utils.py::test_urldefragauth[http://u:p@example.com/path?a=1#test-http://example.com/path?a=1] PASSED [ 91%]
tests/test_utils.py::test_urldefragauth[http://example.com/path-http://example.com/path] PASSED [ 91%]
tests/test_utils.py::test_urldefragauth[//u:p@example.com/path-//example.com/path] PASSED [ 91%]
tests/test_utils.py::test_urldefragauth[//example.com/path-//example.com/path] PASSED [ 91%]
tests/test_utils.py::test_urldefragauth[example.com/path-//example.com/path] PASSED [ 92%]
tests/test_utils.py::test_urldefragauth[scheme:u:p@example.com/path-scheme://example.com/path] PASSED [ 92%]
tests/test_utils.py::test_should_bypass_proxies[http://192.168.0.1:5000/-True] PASSED [ 92%]
tests/test_utils.py::test_should_bypass_proxies[http://192.168.0.1/-True] PASSED [ 92%]
tests/test_utils.py::test_should_bypass_proxies[http://172.16.1.1/-True] PASSED [ 92%]
tests/test_utils.py::test_should_bypass_proxies[http://172.16.1.1:5000/-True] PASSED [ 92%]
tests/test_utils.py::test_should_bypass_proxies[http://localhost.localdomain:5000/v1.0/-True] PASSED [ 92%]
tests/test_utils.py::test_should_bypass_proxies[http://google.com:6000/-True] PASSED [ 93%]
tests/test_utils.py::test_should_bypass_proxies[http://172.16.1.12/-False] PASSED [ 93%]
tests/test_utils.py::test_should_bypass_proxies[http://172.16.1.12:5000/-False] PASSED [ 93%]
tests/test_utils.py::test_should_bypass_proxies[http://google.com:5000/v1.0/-False] PASSED [ 93%]
tests/test_utils.py::test_should_bypass_proxies[file:///some/path/on/disk-True] PASSED [ 93%]
tests/test_utils.py::test_should_bypass_proxies_pass_only_hostname[http://172.16.1.1/-172.16.1.1] PASSED [ 93%]
tests/test_utils.py::test_should_bypass_proxies_pass_only_hostname[http://172.16.1.1:5000/-172.16.1.1] PASSED [ 94%]
tests/test_utils.py::test_should_bypass_proxies_pass_only_hostname[http://user:pass@172.16.1.1-172.16.1.1] PASSED [ 94%]
tests/test_utils.py::test_should_bypass_proxies_pass_only_hostname[http://user:pass@172.16.1.1:5000-172.16.1.1] PASSED [ 94%]
tests/test_utils.py::test_should_bypass_proxies_pass_only_hostname[http://hostname/-hostname] PASSED [ 94%]
tests/test_utils.py::test_should_bypass_proxies_pass_only_hostname[http://hostname:5000/-hostname] PASSED [ 94%]
tests/test_utils.py::test_should_bypass_proxies_pass_only_hostname[http://user:pass@hostname-hostname] PASSED [ 94%]
tests/test_utils.py::test_should_bypass_proxies_pass_only_hostname[http://user:pass@hostname:5000-hostname] PASSED [ 95%]
tests/test_utils.py::test_add_dict_to_cookiejar[cookiejar0] PASSED       [ 95%]
tests/test_utils.py::test_add_dict_to_cookiejar[cookiejar1] PASSED       [ 95%]
tests/test_utils.py::test_unicode_is_ascii[test-True] PASSED             [ 95%]
tests/test_utils.py::test_unicode_is_ascii[\xe6\xed\xf6\xfb-False] PASSED [ 95%]
tests/test_utils.py::test_unicode_is_ascii[\u30b8\u30a7\u30fc\u30d4\u30fc\u30cb\u30c3\u30af-False] PASSED [ 95%]
tests/test_utils.py::test_should_bypass_proxies_no_proxy[http://192.168.0.1:5000/-True] PASSED [ 96%]
tests/test_utils.py::test_should_bypass_proxies_no_proxy[http://192.168.0.1/-True] PASSED [ 96%]
tests/test_utils.py::test_should_bypass_proxies_no_proxy[http://172.16.1.1/-True] PASSED [ 96%]
tests/test_utils.py::test_should_bypass_proxies_no_proxy[http://172.16.1.1:5000/-True] PASSED [ 96%]
tests/test_utils.py::test_should_bypass_proxies_no_proxy[http://localhost.localdomain:5000/v1.0/-True] PASSED [ 96%]
tests/test_utils.py::test_should_bypass_proxies_no_proxy[http://172.16.1.12/-False] PASSED [ 96%]
tests/test_utils.py::test_should_bypass_proxies_no_proxy[http://172.16.1.12:5000/-False] PASSED [ 97%]
tests/test_utils.py::test_should_bypass_proxies_no_proxy[http://google.com:5000/v1.0/-False] PASSED [ 97%]
tests/test_utils.py::test_should_bypass_proxies_win_registry[http://192.168.0.1:5000/-True-None] SKIPPED [ 97%]
tests/test_utils.py::test_should_bypass_proxies_win_registry[http://192.168.0.1/-True-None] SKIPPED [ 97%]
tests/test_utils.py::test_should_bypass_proxies_win_registry[http://172.16.1.1/-True-None] SKIPPED [ 97%]
tests/test_utils.py::test_should_bypass_proxies_win_registry[http://172.16.1.1:5000/-True-None] SKIPPED [ 97%]
tests/test_utils.py::test_should_bypass_proxies_win_registry[http://localhost.localdomain:5000/v1.0/-True-None] SKIPPED [ 98%]
tests/test_utils.py::test_should_bypass_proxies_win_registry[http://172.16.1.22/-False-None] SKIPPED [ 98%]
tests/test_utils.py::test_should_bypass_proxies_win_registry[http://172.16.1.22:5000/-False-None] SKIPPED [ 98%]
tests/test_utils.py::test_should_bypass_proxies_win_registry[http://google.com:5000/v1.0/-False-None] SKIPPED [ 98%]
tests/test_utils.py::test_should_bypass_proxies_win_registry[http://mylocalhostname:5000/v1.0/-True-<local>] SKIPPED [ 98%]
tests/test_utils.py::test_should_bypass_proxies_win_registry[http://192.168.0.1/-False-] SKIPPED [ 98%]
tests/test_utils.py::test_should_bypass_proxies_win_registry_bad_values SKIPPED [ 99%]
tests/test_utils.py::test_set_environ[no_proxy-192.168.0.0/24,127.0.0.1,localhost.localdomain] PASSED [ 99%]
tests/test_utils.py::test_set_environ[no_proxy-None] PASSED              [ 99%]
tests/test_utils.py::test_set_environ[a_new_key-192.168.0.0/24,127.0.0.1,localhost.localdomain] PASSED [ 99%]
tests/test_utils.py::test_set_environ[a_new_key-None] PASSED             [ 99%]
tests/test_utils.py::test_set_environ_raises_exception PASSED            [ 99%]
tests/test_utils.py::test_should_bypass_proxies_win_registry_ProxyOverride_value SKIPPED [100%]

==================================== ERRORS ====================================
______ ERROR at setup of test_use_proxy_from_environment[http_proxy-http] ______
file /home/vboxuser/requests/tests/test_lowlevel.py, line 289
  @pytest.mark.parametrize("var,scheme", _proxy_combos)
  def test_use_proxy_from_environment(httpbin, var, scheme):
file /home/vboxuser/requests/tests/conftest.py, line 25
  @pytest.fixture
  def httpbin(httpbin):
E       recursive dependency involving fixture 'httpbin' detected
>       available fixtures: cache, capfd, capfdbinary, caplog, capsys, capsysbinary, capteesys, doctest_namespace, httpbin, httpbin_secure, monkeypatch, nosan_server, pytestconfig, record_property, record_testsuite_property, record_xml_attribute, recwarn, tmp_path, tmp_path_factory, tmpdir, tmpdir_factory
>       use 'pytest --fixtures [testpath]' for help on them.

/home/vboxuser/requests/tests/conftest.py:25
_____ ERROR at setup of test_use_proxy_from_environment[https_proxy-https] _____
file /home/vboxuser/requests/tests/test_lowlevel.py, line 289
  @pytest.mark.parametrize("var,scheme", _proxy_combos)
  def test_use_proxy_from_environment(httpbin, var, scheme):
file /home/vboxuser/requests/tests/conftest.py, line 25
  @pytest.fixture
  def httpbin(httpbin):
E       recursive dependency involving fixture 'httpbin' detected
>       available fixtures: cache, capfd, capfdbinary, caplog, capsys, capsysbinary, capteesys, doctest_namespace, httpbin, httpbin_secure, monkeypatch, nosan_server, pytestconfig, record_property, record_testsuite_property, record_xml_attribute, recwarn, tmp_path, tmp_path_factory, tmpdir, tmpdir_factory
>       use 'pytest --fixtures [testpath]' for help on them.

/home/vboxuser/requests/tests/conftest.py:25
______ ERROR at setup of test_use_proxy_from_environment[all_proxy-http] _______
file /home/vboxuser/requests/tests/test_lowlevel.py, line 289
  @pytest.mark.parametrize("var,scheme", _proxy_combos)
  def test_use_proxy_from_environment(httpbin, var, scheme):
file /home/vboxuser/requests/tests/conftest.py, line 25
  @pytest.fixture
  def httpbin(httpbin):
E       recursive dependency involving fixture 'httpbin' detected
>       available fixtures: cache, capfd, capfdbinary, caplog, capsys, capsysbinary, capteesys, doctest_namespace, httpbin, httpbin_secure, monkeypatch, nosan_server, pytestconfig, record_property, record_testsuite_property, record_xml_attribute, recwarn, tmp_path, tmp_path_factory, tmpdir, tmpdir_factory
>       use 'pytest --fixtures [testpath]' for help on them.

/home/vboxuser/requests/tests/conftest.py:25
______ ERROR at setup of test_use_proxy_from_environment[all_proxy-https] ______
file /home/vboxuser/requests/tests/test_lowlevel.py, line 289
  @pytest.mark.parametrize("var,scheme", _proxy_combos)
  def test_use_proxy_from_environment(httpbin, var, scheme):
file /home/vboxuser/requests/tests/conftest.py, line 25
  @pytest.fixture
  def httpbin(httpbin):
E       recursive dependency involving fixture 'httpbin' detected
>       available fixtures: cache, capfd, capfdbinary, caplog, capsys, capsysbinary, capteesys, doctest_namespace, httpbin, httpbin_secure, monkeypatch, nosan_server, pytestconfig, record_property, record_testsuite_property, record_xml_attribute, recwarn, tmp_path, tmp_path_factory, tmpdir, tmpdir_factory
>       use 'pytest --fixtures [testpath]' for help on them.

/home/vboxuser/requests/tests/conftest.py:25
______ ERROR at setup of test_use_proxy_from_environment[HTTP_PROXY-http] ______
file /home/vboxuser/requests/tests/test_lowlevel.py, line 289
  @pytest.mark.parametrize("var,scheme", _proxy_combos)
  def test_use_proxy_from_environment(httpbin, var, scheme):
file /home/vboxuser/requests/tests/conftest.py, line 25
  @pytest.fixture
  def httpbin(httpbin):
E       recursive dependency involving fixture 'httpbin' detected
>       available fixtures: cache, capfd, capfdbinary, caplog, capsys, capsysbinary, capteesys, doctest_namespace, httpbin, httpbin_secure, monkeypatch, nosan_server, pytestconfig, record_property, record_testsuite_property, record_xml_attribute, recwarn, tmp_path, tmp_path_factory, tmpdir, tmpdir_factory
>       use 'pytest --fixtures [testpath]' for help on them.

/home/vboxuser/requests/tests/conftest.py:25
_____ ERROR at setup of test_use_proxy_from_environment[HTTPS_PROXY-https] _____
file /home/vboxuser/requests/tests/test_lowlevel.py, line 289
  @pytest.mark.parametrize("var,scheme", _proxy_combos)
  def test_use_proxy_from_environment(httpbin, var, scheme):
file /home/vboxuser/requests/tests/conftest.py, line 25
  @pytest.fixture
  def httpbin(httpbin):
E       recursive dependency involving fixture 'httpbin' detected
>       available fixtures: cache, capfd, capfdbinary, caplog, capsys, capsysbinary, capteesys, doctest_namespace, httpbin, httpbin_secure, monkeypatch, nosan_server, pytestconfig, record_property, record_testsuite_property, record_xml_attribute, recwarn, tmp_path, tmp_path_factory, tmpdir, tmpdir_factory
>       use 'pytest --fixtures [testpath]' for help on them.

/home/vboxuser/requests/tests/conftest.py:25
______ ERROR at setup of test_use_proxy_from_environment[ALL_PROXY-http] _______
file /home/vboxuser/requests/tests/test_lowlevel.py, line 289
  @pytest.mark.parametrize("var,scheme", _proxy_combos)
  def test_use_proxy_from_environment(httpbin, var, scheme):
file /home/vboxuser/requests/tests/conftest.py, line 25
  @pytest.fixture
  def httpbin(httpbin):
E       recursive dependency involving fixture 'httpbin' detected
>       available fixtures: cache, capfd, capfdbinary, caplog, capsys, capsysbinary, capteesys, doctest_namespace, httpbin, httpbin_secure, monkeypatch, nosan_server, pytestconfig, record_property, record_testsuite_property, record_xml_attribute, recwarn, tmp_path, tmp_path_factory, tmpdir, tmpdir_factory
>       use 'pytest --fixtures [testpath]' for help on them.

/home/vboxuser/requests/tests/conftest.py:25
______ ERROR at setup of test_use_proxy_from_environment[ALL_PROXY-https] ______
file /home/vboxuser/requests/tests/test_lowlevel.py, line 289
  @pytest.mark.parametrize("var,scheme", _proxy_combos)
  def test_use_proxy_from_environment(httpbin, var, scheme):
file /home/vboxuser/requests/tests/conftest.py, line 25
  @pytest.fixture
  def httpbin(httpbin):
E       recursive dependency involving fixture 'httpbin' detected
>       available fixtures: cache, capfd, capfdbinary, caplog, capsys, capsysbinary, capteesys, doctest_namespace, httpbin, httpbin_secure, monkeypatch, nosan_server, pytestconfig, record_property, record_testsuite_property, record_xml_attribute, recwarn, tmp_path, tmp_path_factory, tmpdir, tmpdir_factory
>       use 'pytest --fixtures [testpath]' for help on them.

/home/vboxuser/requests/tests/conftest.py:25
__________ ERROR at setup of TestRequests.test_no_content_length[GET] __________
file /home/vboxuser/requests/tests/test_requests.py, line 122
      @pytest.mark.parametrize("method", ("GET", "HEAD"))
      def test_no_content_length(self, httpbin, method):
file /home/vboxuser/requests/tests/conftest.py, line 25
  @pytest.fixture
  def httpbin(httpbin):
E       recursive dependency involving fixture 'httpbin' detected
>       available fixtures: cache, capfd, capfdbinary, caplog, capsys, capsysbinary, capteesys, doctest_namespace, httpbin, httpbin_secure, monkeypatch, nosan_server, pytestconfig, record_property, record_testsuite_property, record_xml_attribute, recwarn, tmp_path, tmp_path_factory, tmpdir, tmpdir_factory
>       use 'pytest --fixtures [testpath]' for help on them.

/home/vboxuser/requests/tests/conftest.py:25
_________ ERROR at setup of TestRequests.test_no_content_length[HEAD] __________
file /home/vboxuser/requests/tests/test_requests.py, line 122
      @pytest.mark.parametrize("method", ("GET", "HEAD"))
      def test_no_content_length(self, httpbin, method):
file /home/vboxuser/requests/tests/conftest.py, line 25
  @pytest.fixture
  def httpbin(httpbin):
E       recursive dependency involving fixture 'httpbin' detected
>       available fixtures: cache, capfd, capfdbinary, caplog, capsys, capsysbinary, capteesys, doctest_namespace, httpbin, httpbin_secure, monkeypatch, nosan_server, pytestconfig, record_property, record_testsuite_property, record_xml_attribute, recwarn, tmp_path, tmp_path_factory, tmpdir, tmpdir_factory
>       use 'pytest --fixtures [testpath]' for help on them.

/home/vboxuser/requests/tests/conftest.py:25
_______ ERROR at setup of TestRequests.test_no_body_content_length[POST] _______
file /home/vboxuser/requests/tests/test_requests.py, line 127
      @pytest.mark.parametrize("method", ("POST", "PUT", "PATCH", "OPTIONS"))
      def test_no_body_content_length(self, httpbin, method):
file /home/vboxuser/requests/tests/conftest.py, line 25
  @pytest.fixture
  def httpbin(httpbin):
E       recursive dependency involving fixture 'httpbin' detected
>       available fixtures: cache, capfd, capfdbinary, caplog, capsys, capsysbinary, capteesys, doctest_namespace, httpbin, httpbin_secure, monkeypatch, nosan_server, pytestconfig, record_property, record_testsuite_property, record_xml_attribute, recwarn, tmp_path, tmp_path_factory, tmpdir, tmpdir_factory
>       use 'pytest --fixtures [testpath]' for help on them.

/home/vboxuser/requests/tests/conftest.py:25
_______ ERROR at setup of TestRequests.test_no_body_content_length[PUT] ________
file /home/vboxuser/requests/tests/test_requests.py, line 127
      @pytest.mark.parametrize("method", ("POST", "PUT", "PATCH", "OPTIONS"))
      def test_no_body_content_length(self, httpbin, method):
file /home/vboxuser/requests/tests/conftest.py, line 25
  @pytest.fixture
  def httpbin(httpbin):
E       recursive dependency involving fixture 'httpbin' detected
>       available fixtures: cache, capfd, capfdbinary, caplog, capsys, capsysbinary, capteesys, doctest_namespace, httpbin, httpbin_secure, monkeypatch, nosan_server, pytestconfig, record_property, record_testsuite_property, record_xml_attribute, recwarn, tmp_path, tmp_path_factory, tmpdir, tmpdir_factory
>       use 'pytest --fixtures [testpath]' for help on them.

/home/vboxuser/requests/tests/conftest.py:25
______ ERROR at setup of TestRequests.test_no_body_content_length[PATCH] _______
file /home/vboxuser/requests/tests/test_requests.py, line 127
      @pytest.mark.parametrize("method", ("POST", "PUT", "PATCH", "OPTIONS"))
      def test_no_body_content_length(self, httpbin, method):
file /home/vboxuser/requests/tests/conftest.py, line 25
  @pytest.fixture
  def httpbin(httpbin):
E       recursive dependency involving fixture 'httpbin' detected
>       available fixtures: cache, capfd, capfdbinary, caplog, capsys, capsysbinary, capteesys, doctest_namespace, httpbin, httpbin_secure, monkeypatch, nosan_server, pytestconfig, record_property, record_testsuite_property, record_xml_attribute, recwarn, tmp_path, tmp_path_factory, tmpdir, tmpdir_factory
>       use 'pytest --fixtures [testpath]' for help on them.

/home/vboxuser/requests/tests/conftest.py:25
_____ ERROR at setup of TestRequests.test_no_body_content_length[OPTIONS] ______
file /home/vboxuser/requests/tests/test_requests.py, line 127
      @pytest.mark.parametrize("method", ("POST", "PUT", "PATCH", "OPTIONS"))
      def test_no_body_content_length(self, httpbin, method):
file /home/vboxuser/requests/tests/conftest.py, line 25
  @pytest.fixture
  def httpbin(httpbin):
E       recursive dependency involving fixture 'httpbin' detected
>       available fixtures: cache, capfd, capfdbinary, caplog, capsys, capsysbinary, capteesys, doctest_namespace, httpbin, httpbin_secure, monkeypatch, nosan_server, pytestconfig, record_property, record_testsuite_property, record_xml_attribute, recwarn, tmp_path, tmp_path_factory, tmpdir, tmpdir_factory
>       use 'pytest --fixtures [testpath]' for help on them.

/home/vboxuser/requests/tests/conftest.py:25
________ ERROR at setup of TestRequests.test_empty_content_length[POST] ________
file /home/vboxuser/requests/tests/test_requests.py, line 132
      @pytest.mark.parametrize("method", ("POST", "PUT", "PATCH", "OPTIONS"))
      def test_empty_content_length(self, httpbin, method):
file /home/vboxuser/requests/tests/conftest.py, line 25
  @pytest.fixture
  def httpbin(httpbin):
E       recursive dependency involving fixture 'httpbin' detected
>       available fixtures: cache, capfd, capfdbinary, caplog, capsys, capsysbinary, capteesys, doctest_namespace, httpbin, httpbin_secure, monkeypatch, nosan_server, pytestconfig, record_property, record_testsuite_property, record_xml_attribute, recwarn, tmp_path, tmp_path_factory, tmpdir, tmpdir_factory
>       use 'pytest --fixtures [testpath]' for help on them.

/home/vboxuser/requests/tests/conftest.py:25
________ ERROR at setup of TestRequests.test_empty_content_length[PUT] _________
file /home/vboxuser/requests/tests/test_requests.py, line 132
      @pytest.mark.parametrize("method", ("POST", "PUT", "PATCH", "OPTIONS"))
      def test_empty_content_length(self, httpbin, method):
file /home/vboxuser/requests/tests/conftest.py, line 25
  @pytest.fixture
  def httpbin(httpbin):
E       recursive dependency involving fixture 'httpbin' detected
>       available fixtures: cache, capfd, capfdbinary, caplog, capsys, capsysbinary, capteesys, doctest_namespace, httpbin, httpbin_secure, monkeypatch, nosan_server, pytestconfig, record_property, record_testsuite_property, record_xml_attribute, recwarn, tmp_path, tmp_path_factory, tmpdir, tmpdir_factory
>       use 'pytest --fixtures [testpath]' for help on them.

/home/vboxuser/requests/tests/conftest.py:25
_______ ERROR at setup of TestRequests.test_empty_content_length[PATCH] ________
file /home/vboxuser/requests/tests/test_requests.py, line 132
      @pytest.mark.parametrize("method", ("POST", "PUT", "PATCH", "OPTIONS"))
      def test_empty_content_length(self, httpbin, method):
file /home/vboxuser/requests/tests/conftest.py, line 25
  @pytest.fixture
  def httpbin(httpbin):
E       recursive dependency involving fixture 'httpbin' detected
>       available fixtures: cache, capfd, capfdbinary, caplog, capsys, capsysbinary, capteesys, doctest_namespace, httpbin, httpbin_secure, monkeypatch, nosan_server, pytestconfig, record_property, record_testsuite_property, record_xml_attribute, recwarn, tmp_path, tmp_path_factory, tmpdir, tmpdir_factory
>       use 'pytest --fixtures [testpath]' for help on them.

/home/vboxuser/requests/tests/conftest.py:25
______ ERROR at setup of TestRequests.test_empty_content_length[OPTIONS] _______
file /home/vboxuser/requests/tests/test_requests.py, line 132
      @pytest.mark.parametrize("method", ("POST", "PUT", "PATCH", "OPTIONS"))
      def test_empty_content_length(self, httpbin, method):
file /home/vboxuser/requests/tests/conftest.py, line 25
  @pytest.fixture
  def httpbin(httpbin):
E       recursive dependency involving fixture 'httpbin' detected
>       available fixtures: cache, capfd, capfdbinary, caplog, capsys, capsysbinary, capteesys, doctest_namespace, httpbin, httpbin_secure, monkeypatch, nosan_server, pytestconfig, record_property, record_testsuite_property, record_xml_attribute, recwarn, tmp_path, tmp_path_factory, tmpdir, tmpdir_factory
>       use 'pytest --fixtures [testpath]' for help on them.

/home/vboxuser/requests/tests/conftest.py:25
_________ ERROR at setup of TestRequests.test_override_content_length __________
file /home/vboxuser/requests/tests/test_requests.py, line 137
      def test_override_content_length(self, httpbin):
file /home/vboxuser/requests/tests/conftest.py, line 25
  @pytest.fixture
  def httpbin(httpbin):
E       recursive dependency involving fixture 'httpbin' detected
>       available fixtures: cache, capfd, capfdbinary, caplog, capsys, capsysbinary, capteesys, doctest_namespace, httpbin, httpbin_secure, monkeypatch, nosan_server, pytestconfig, record_property, record_testsuite_property, record_xml_attribute, recwarn, tmp_path, tmp_path_factory, tmpdir, tmpdir_factory
>       use 'pytest --fixtures [testpath]' for help on them.

/home/vboxuser/requests/tests/conftest.py:25
__ ERROR at setup of TestRequests.test_mixed_case_scheme_acceptable[http://] ___
file /home/vboxuser/requests/tests/test_requests.py, line 193
      @pytest.mark.parametrize("scheme", ("http://", "HTTP://", "hTTp://", "HttP://"))
      def test_mixed_case_scheme_acceptable(self, httpbin, scheme):
file /home/vboxuser/requests/tests/conftest.py, line 25
  @pytest.fixture
  def httpbin(httpbin):
E       recursive dependency involving fixture 'httpbin' detected
>       available fixtures: cache, capfd, capfdbinary, caplog, capsys, capsysbinary, capteesys, doctest_namespace, httpbin, httpbin_secure, monkeypatch, nosan_server, pytestconfig, record_property, record_testsuite_property, record_xml_attribute, recwarn, tmp_path, tmp_path_factory, tmpdir, tmpdir_factory
>       use 'pytest --fixtures [testpath]' for help on them.

/home/vboxuser/requests/tests/conftest.py:25
__ ERROR at setup of TestRequests.test_mixed_case_scheme_acceptable[HTTP://] ___
file /home/vboxuser/requests/tests/test_requests.py, line 193
      @pytest.mark.parametrize("scheme", ("http://", "HTTP://", "hTTp://", "HttP://"))
      def test_mixed_case_scheme_acceptable(self, httpbin, scheme):
file /home/vboxuser/requests/tests/conftest.py, line 25
  @pytest.fixture
  def httpbin(httpbin):
E       recursive dependency involving fixture 'httpbin' detected
>       available fixtures: cache, capfd, capfdbinary, caplog, capsys, capsysbinary, capteesys, doctest_namespace, httpbin, httpbin_secure, monkeypatch, nosan_server, pytestconfig, record_property, record_testsuite_property, record_xml_attribute, recwarn, tmp_path, tmp_path_factory, tmpdir, tmpdir_factory
>       use 'pytest --fixtures [testpath]' for help on them.

/home/vboxuser/requests/tests/conftest.py:25
__ ERROR at setup of TestRequests.test_mixed_case_scheme_acceptable[hTTp://] ___
file /home/vboxuser/requests/tests/test_requests.py, line 193
      @pytest.mark.parametrize("scheme", ("http://", "HTTP://", "hTTp://", "HttP://"))
      def test_mixed_case_scheme_acceptable(self, httpbin, scheme):
file /home/vboxuser/requests/tests/conftest.py, line 25
  @pytest.fixture
  def httpbin(httpbin):
E       recursive dependency involving fixture 'httpbin' detected
>       available fixtures: cache, capfd, capfdbinary, caplog, capsys, capsysbinary, capteesys, doctest_namespace, httpbin, httpbin_secure, monkeypatch, nosan_server, pytestconfig, record_property, record_testsuite_property, record_xml_attribute, recwarn, tmp_path, tmp_path_factory, tmpdir, tmpdir_factory
>       use 'pytest --fixtures [testpath]' for help on them.

/home/vboxuser/requests/tests/conftest.py:25
__ ERROR at setup of TestRequests.test_mixed_case_scheme_acceptable[HttP://] ___
file /home/vboxuser/requests/tests/test_requests.py, line 193
      @pytest.mark.parametrize("scheme", ("http://", "HTTP://", "hTTp://", "HttP://"))
      def test_mixed_case_scheme_acceptable(self, httpbin, scheme):
file /home/vboxuser/requests/tests/conftest.py, line 25
  @pytest.fixture
  def httpbin(httpbin):
E       recursive dependency involving fixture 'httpbin' detected
>       available fixtures: cache, capfd, capfdbinary, caplog, capsys, capsysbinary, capteesys, doctest_namespace, httpbin, httpbin_secure, monkeypatch, nosan_server, pytestconfig, record_property, record_testsuite_property, record_xml_attribute, recwarn, tmp_path, tmp_path_factory, tmpdir, tmpdir_factory
>       use 'pytest --fixtures [testpath]' for help on them.

/home/vboxuser/requests/tests/conftest.py:25
_______ ERROR at setup of TestRequests.test_HTTP_200_OK_GET_ALTERNATIVE ________
file /home/vboxuser/requests/tests/test_requests.py, line 203
      def test_HTTP_200_OK_GET_ALTERNATIVE(self, httpbin):
file /home/vboxuser/requests/tests/conftest.py, line 25
  @pytest.fixture
  def httpbin(httpbin):
E       recursive dependency involving fixture 'httpbin' detected
>       available fixtures: cache, capfd, capfdbinary, caplog, capsys, capsysbinary, capteesys, doctest_namespace, httpbin, httpbin_secure, monkeypatch, nosan_server, pytestconfig, record_property, record_testsuite_property, record_xml_attribute, recwarn, tmp_path, tmp_path_factory, tmpdir, tmpdir_factory
>       use 'pytest --fixtures [testpath]' for help on them.

/home/vboxuser/requests/tests/conftest.py:25
_______ ERROR at setup of TestRequests.test_HTTP_302_ALLOW_REDIRECT_GET ________
file /home/vboxuser/requests/tests/test_requests.py, line 212
      def test_HTTP_302_ALLOW_REDIRECT_GET(self, httpbin):
[...]
  @pytest.fixture
  def httpbin(httpbin):
E       recursive dependency involving fixture 'httpbin' detected
>       available fixtures: cache, capfd, capfdbinary, caplog, capsys, capsysbinary, capteesys, doctest_namespace, httpbin, httpbin_secure, monkeypatch, nosan_server, pytestconfig, record_property, record_testsuite_property, record_xml_attribute, recwarn, tmp_path, tmp_path_factory, tmpdir, tmpdir_factory
>       use 'pytest --fixtures [testpath]' for help on them.

/home/vboxuser/requests/tests/conftest.py:25
______ ERROR at setup of test_content_length_for_string_data_counts_bytes ______
file /home/vboxuser/requests/tests/test_requests.py, line 3020
  @pytest.mark.skipif(
      is_urllib3_1,
      reason="urllib3 2.x encodes all strings to utf-8, urllib3 1.x uses latin-1",
  )
  def test_content_length_for_string_data_counts_bytes(httpbin):
file /home/vboxuser/requests/tests/conftest.py, line 25
  @pytest.fixture
  def httpbin(httpbin):
E       recursive dependency involving fixture 'httpbin' detected
>       available fixtures: cache, capfd, capfdbinary, caplog, capsys, capsysbinary, capteesys, doctest_namespace, httpbin, httpbin_secure, monkeypatch, nosan_server, pytestconfig, record_property, record_testsuite_property, record_xml_attribute, recwarn, tmp_path, tmp_path_factory, tmpdir, tmpdir_factory
>       use 'pytest --fixtures [testpath]' for help on them.

/home/vboxuser/requests/tests/conftest.py:25
=============================== warnings summary ===============================
tests/test_requests.py::TestPreparingURLs::test_different_connection_pool_for_tls_settings_verify_True
tests/test_requests.py::TestPreparingURLs::test_different_connection_pool_for_tls_settings_verify_bundle_expired_cert
tests/test_requests.py::TestPreparingURLs::test_different_connection_pool_for_tls_settings_verify_bundle_unexpired_cert
tests/test_requests.py::TestPreparingURLs::test_different_connection_pool_for_mtls_settings
  /home/vboxuser/cdl/lib/python3.12/site-packages/urllib3/connectionpool.py:1097: InsecureRequestWarning: Unverified HTTPS request is being made to host 'localhost'. Adding certificate verification is strongly advised. See: https://urllib3.readthedocs.io/en/latest/advanced-usage.html#tls-warnings
    warnings.warn(

tests/test_sample.py::test_add
  /home/vboxuser/cdl/lib/python3.12/site-packages/_pytest/python.py:161: PytestReturnNotNoneWarning: Test functions should return None, but tests/test_sample.py::test_add returned <class 'int'>.
  Did you mean to use `assert` instead of `return`?
  See https://docs.pytest.org/en/stable/how-to/assert.html#return-not-none for more information.
    warnings.warn(

tests/test_sample.py::test_add2
  /home/vboxuser/cdl/lib/python3.12/site-packages/_pytest/python.py:161: PytestReturnNotNoneWarning: Test functions should return None, but tests/test_sample.py::test_add2 returned <class 'int'>.
  Did you mean to use `assert` instead of `return`?
  See https://docs.pytest.org/en/stable/how-to/assert.html#return-not-none for more information.
    warnings.warn(

tests/test_utils.py::TestContentEncodingDetection::test_none
tests/test_utils.py::TestContentEncodingDetection::test_pragmas[<meta charset="UTF-8">]
tests/test_utils.py::TestContentEncodingDetection::test_pragmas[<meta http-equiv="Content-type" content="text/html;charset=UTF-8">]
tests/test_utils.py::TestContentEncodingDetection::test_pragmas[<meta http-equiv="Content-type" content="text/html;charset=UTF-8" />]
tests/test_utils.py::TestContentEncodingDetection::test_pragmas[<?xml version="1.0" encoding="UTF-8"?>]
tests/test_utils.py::TestContentEncodingDetection::test_precedence
  /home/vboxuser/requests/src/requests/utils.py:484: DeprecationWarning: In requests 3.0, get_encodings_from_content will be removed. For more information, please see the discussion on issue #2266. (This warning should only appear once.)
    warnings.warn(

-- Docs: https://docs.pytest.org/en/stable/how-to/capture-warnings.html
=========================== short test summary info ============================
ERROR tests/test_lowlevel.py::test_use_proxy_from_environment[http_proxy-http]
ERROR tests/test_lowlevel.py::test_use_proxy_from_environment[https_proxy-https]
ERROR tests/test_lowlevel.py::test_use_proxy_from_environment[all_proxy-http]
ERROR tests/test_lowlevel.py::test_use_proxy_from_environment[all_proxy-https]
ERROR tests/test_lowlevel.py::test_use_proxy_from_environment[HTTP_PROXY-http]
ERROR tests/test_lowlevel.py::test_use_proxy_from_environment[HTTPS_PROXY-https]
ERROR tests/test_lowlevel.py::test_use_proxy_from_environment[ALL_PROXY-http]
ERROR tests/test_lowlevel.py::test_use_proxy_from_environment[ALL_PROXY-https]
ERROR tests/test_requests.py::TestRequests::test_no_content_length[GET]
ERROR tests/test_requests.py::TestRequests::test_no_content_length[HEAD]
ERROR tests/test_requests.py::TestRequests::test_no_body_content_length[POST]
ERROR tests/test_requests.py::TestRequests::test_no_body_content_length[PUT]
ERROR tests/test_requests.py::TestRequests::test_no_body_content_length[PATCH]
ERROR tests/test_requests.py::TestRequests::test_no_body_content_length[OPTIONS]
ERROR tests/test_requests.py::TestRequests::test_empty_content_length[POST]
ERROR tests/test_requests.py::TestRequests::test_empty_content_length[PUT]
ERROR tests/test_requests.py::TestRequests::test_empty_content_length[PATCH]
ERROR tests/test_requests.py::TestRequests::test_empty_content_length[OPTIONS]
ERROR tests/test_requests.py::TestRequests::test_override_content_length
ERROR tests/test_requests.py::TestRequests::test_mixed_case_scheme_acceptable[http://]
ERROR tests/test_requests.py::TestRequests::test_mixed_case_scheme_acceptable[HTTP://]
ERROR tests/test_requests.py::TestRequests::test_mixed_case_scheme_acceptable[hTTp://]
ERROR tests/test_requests.py::TestRequests::test_mixed_case_scheme_acceptable[HttP://]
ERROR tests/test_requests.py::TestRequests::test_HTTP_200_OK_GET_ALTERNATIVE
ERROR tests/test_requests.py::TestRequests::test_HTTP_302_ALLOW_REDIRECT_GET
ERROR tests/test_requests.py::TestRequests::test_HTTP_307_ALLOW_REDIRECT_POST
ERROR tests/test_requests.py::TestRequests::test_HTTP_307_ALLOW_REDIRECT_POST_WITH_SEEKABLE
ERROR tests/test_requests.py::TestRequests::test_HTTP_302_TOO_MANY_REDIRECTS
ERROR tests/test_requests.py::TestRequests::test_HTTP_302_TOO_MANY_REDIRECTS_WITH_PARAMS
ERROR tests/test_requests.py::TestRequests::test_http_301_changes_post_to_get
ERROR tests/test_requests.py::TestRequests::test_http_301_doesnt_change_head_to_get
ERROR tests/test_requests.py::TestRequests::test_http_302_changes_post_to_get
ERROR tests/test_requests.py::TestRequests::test_http_302_doesnt_change_head_to_get
ERROR tests/test_requests.py::TestRequests::test_http_303_changes_post_to_get
ERROR tests/test_requests.py::TestRequests::test_http_303_doesnt_change_head_to_get
ERROR tests/test_requests.py::TestRequests::test_header_and_body_removal_on_redirect
ERROR tests/test_requests.py::TestRequests::test_transfer_enc_removal_on_redirect
ERROR tests/test_requests.py::TestRequests::test_fragment_maintained_on_redirect
ERROR tests/test_requests.py::TestRequests::test_HTTP_200_OK_GET_WITH_PARAMS
ERROR tests/test_requests.py::TestRequests::test_HTTP_200_OK_GET_WITH_MIXED_PARAMS
ERROR tests/test_requests.py::TestRequests::test_set_cookie_on_301
ERROR tests/test_requests.py::TestRequests::test_cookie_sent_on_redirect
ERROR tests/test_requests.py::TestRequests::test_cookie_removed_on_expire
ERROR tests/test_requests.py::TestRequests::test_cookie_quote_wrapped
ERROR tests/test_requests.py::TestRequests::test_cookie_persists_via_api
ERROR tests/test_requests.py::TestRequests::test_request_cookie_overrides_session_cookie
ERROR tests/test_requests.py::TestRequests::test_request_cookies_not_persisted
ERROR tests/test_requests.py::TestRequests::test_generic_cookiejar_works
ERROR tests/test_requests.py::TestRequests::test_param_cookiejar_works
ERROR tests/test_requests.py::TestRequests::test_cookielib_cookiejar_on_redirect
ERROR tests/test_requests.py::TestRequests::test_requests_in_history_are_not_overridden
ERROR tests/test_requests.py::TestRequests::test_history_is_always_a_list
ERROR tests/test_requests.py::TestRequests::test_headers_on_session_with_None_are_not_sent
ERROR tests/test_requests.py::TestRequests::test_headers_preserve_order
ERROR tests/test_requests.py::TestRequests::test_user_agent_transfers[User-agent]
ERROR tests/test_requests.py::TestRequests::test_user_agent_transfers[user-agent]
ERROR tests/test_requests.py::TestRequests::test_HTTP_200_OK_HEAD
ERROR tests/test_requests.py::TestRequests::test_HTTP_200_OK_PUT
ERROR tests/test_requests.py::TestRequests::test_BASICAUTH_TUPLE_HTTP_200_OK_GET
ERROR tests/test_requests.py::TestRequests::test_set_basicauth[user-pass]
ERROR tests/test_requests.py::TestRequests::test_set_basicauth[\xd0\xb8\xd0\xbc\xd1\x8f-\xd0\xbf\xd0\xb0\xd1\x80\xd0\xbe\xd0\xbb\xd1\x8c]
ERROR tests/test_requests.py::TestRequests::test_set_basicauth[42-42]
ERROR tests/test_requests.py::TestRequests::test_set_basicauth[None-None]
ERROR tests/test_requests.py::TestRequests::test_proxy_error_on_bad_url
ERROR tests/test_requests.py::TestRequests::test_respect_proxy_env_on_send_self_prepared_request
ERROR tests/test_requests.py::TestRequests::test_respect_proxy_env_on_send_session_prepared_request
ERROR tests/test_requests.py::TestRequests::test_respect_proxy_env_on_send_with_redirects
ERROR tests/test_requests.py::TestRequests::test_respect_proxy_env_on_get
ERROR tests/test_requests.py::TestRequests::test_respect_proxy_env_on_request
ERROR tests/test_requests.py::TestRequests::test_proxy_authorization_preserved_on_request
ERROR tests/test_requests.py::TestRequests::test_basicauth_with_netrc
ERROR tests/test_requests.py::TestRequests::test_basicauth_with_netrc_leak
ERROR tests/test_requests.py::TestRequests::test_DIGEST_HTTP_200_OK_GET
ERROR tests/test_requests.py::TestRequests::test_DIGEST_AUTH_RETURNS_COOKIE
ERROR tests/test_requests.py::TestRequests::test_DIGEST_AUTH_SETS_SESSION_COOKIES
ERROR tests/test_requests.py::TestRequests::test_DIGEST_STREAM
ERROR tests/test_requests.py::TestRequests::test_DIGESTAUTH_WRONG_HTTP_401_GET
ERROR tests/test_requests.py::TestRequests::test_DIGESTAUTH_QUOTES_QOP_VALUE
ERROR tests/test_requests.py::TestRequests::test_POSTBIN_GET_POST_FILES
ERROR tests/test_requests.py::TestRequests::test_invalid_files_input
ERROR tests/test_requests.py::TestRequests::test_POSTBIN_SEEKED_OBJECT_WITH_NO_ITER
ERROR tests/test_requests.py::TestRequests::test_POSTBIN_GET_POST_FILES_WITH_DATA
ERROR tests/test_requests.py::TestRequests::test_post_with_custom_mapping
ERROR tests/test_requests.py::TestRequests::test_conflicting_post_params
ERROR tests/test_requests.py::TestRequests::test_request_ok_set
ERROR tests/test_requests.py::TestRequests::test_status_raising
ERROR tests/test_requests.py::TestRequests::test_decompress_gzip
ERROR tests/test_requests.py::TestRequests::test_unicode_get[/get-params0]
ERROR tests/test_requests.py::TestRequests::test_unicode_get[/get-params1]
ERROR tests/test_requests.py::TestRequests::test_unicode_get[/get-params2]
ERROR tests/test_requests.py::TestRequests::test_unicode_get[/get-params3]
ERROR tests/test_requests.py::TestRequests::test_unicode_get[\xf8-params4]
ERROR tests/test_requests.py::TestRequests::test_unicode_header_name
ERROR tests/test_requests.py::TestRequests::test_pyopenssl_redirect
ERROR tests/test_requests.py::TestRequests::test_invalid_ca_certificate_path
ERROR tests/test_requests.py::TestRequests::test_invalid_ssl_certificate_files
ERROR tests/test_requests.py::TestRequests::test_env_cert_bundles[env0-True]
ERROR tests/test_requests.py::TestRequests::test_env_cert_bundles[env1-/some/path]
ERROR tests/test_requests.py::TestRequests::test_env_cert_bundles[env2-True]
ERROR tests/test_requests.py::TestRequests::test_env_cert_bundles[env3-/some/path]
ERROR tests/test_requests.py::TestRequests::test_env_cert_bundles[env4-True]
ERROR tests/test_requests.py::TestRequests::test_env_cert_bundles[env5-True]
ERROR tests/test_requests.py::TestRequests::test_env_cert_bundles[env6-/some/path]
ERROR tests/test_requests.py::TestRequests::test_env_cert_bundles[env7-/curl/path]
ERROR tests/test_requests.py::TestRequests::test_http_with_certificate
ERROR tests/test_requests.py::TestRequests::test_certificate_failure
ERROR tests/test_requests.py::TestRequests::test_urlencoded_get_query_multivalued_param
ERROR tests/test_requests.py::TestRequests::test_form_encoded_post_query_multivalued_element
ERROR tests/test_requests.py::TestRequests::test_different_encodings_dont_break_post
ERROR tests/test_requests.py::TestRequests::test_unicode_multipart_post[data0]
ERROR tests/test_requests.py::TestRequests::test_unicode_multipart_post[data1]
ERROR tests/test_requests.py::TestRequests::test_unicode_multipart_post[data2]
ERROR tests/test_requests.py::TestRequests::test_unicode_multipart_post[data3]
ERROR tests/test_requests.py::TestRequests::test_unicode_multipart_post_fieldnames
ERROR tests/test_requests.py::TestRequests::test_unicode_method_name
ERROR tests/test_requests.py::TestRequests::test_unicode_method_name_with_request_object
ERROR tests/test_requests.py::TestRequests::test_custom_content_type
ERROR tests/test_requests.py::TestRequests::test_hook_receives_request_arguments
ERROR tests/test_requests.py::TestRequests::test_session_hooks_are_used_with_no_request_hooks
ERROR tests/test_requests.py::TestRequests::test_session_hooks_are_overridden_by_request_hooks
ERROR tests/test_requests.py::TestRequests::test_prepared_request_hook
ERROR tests/test_requests.py::TestRequests::test_prepared_from_session
ERROR tests/test_requests.py::TestRequests::test_request_with_bytestring_host
ERROR tests/test_requests.py::TestRequests::test_time_elapsed_blank
ERROR tests/test_requests.py::TestRequests::test_iter_content_wraps_exceptions[ProtocolError-args0-ChunkedEncodingError]
ERROR tests/test_requests.py::TestRequests::test_iter_content_wraps_exceptions[DecodeError-args1-ContentDecodingError]
ERROR tests/test_requests.py::TestRequests::test_iter_content_wraps_exceptions[ReadTimeoutError-args2-ConnectionError]
ERROR tests/test_requests.py::TestRequests::test_iter_content_wraps_exceptions[SSLError-args3-SSLError]
ERROR tests/test_requests.py::TestRequests::test_request_and_response_are_pickleable
ERROR tests/test_requests.py::TestRequests::test_prepared_request_is_pickleable
ERROR tests/test_requests.py::TestRequests::test_prepared_request_with_file_is_pickleable
ERROR tests/test_requests.py::TestRequests::test_prepared_request_with_hook_is_pickleable
ERROR tests/test_requests.py::TestRequests::test_cannot_send_unprepared_requests
ERROR tests/test_requests.py::TestRequests::test_session_pickling
ERROR tests/test_requests.py::TestRequests::test_fixes_1329
ERROR tests/test_requests.py::TestRequests::test_uppercase_scheme_redirect
ERROR tests/test_requests.py::TestRequests::test_header_remove_is_case_insensitive
ERROR tests/test_requests.py::TestRequests::test_params_are_merged_case_sensitive
ERROR tests/test_requests.py::TestRequests::test_header_keys_are_native
ERROR tests/test_requests.py::TestRequests::test_header_validation
ERROR tests/test_requests.py::TestRequests::test_header_value_not_str[invalid_header0-foo]
ERROR tests/test_requests.py::TestRequests::test_header_value_not_str[invalid_header1-bar]
ERROR tests/test_requests.py::TestRequests::test_header_value_not_str[invalid_header2-baz]
ERROR tests/test_requests.py::TestRequests::test_header_no_return_chars[invalid_header0]
ERROR tests/test_requests.py::TestRequests::test_header_no_return_chars[invalid_header1]
ERROR tests/test_requests.py::TestRequests::test_header_no_return_chars[invalid_header2]
ERROR tests/test_requests.py::TestRequests::test_header_no_return_chars[invalid_header3]
ERROR tests/test_requests.py::TestRequests::test_header_no_return_chars[invalid_header4]
ERROR tests/test_requests.py::TestRequests::test_header_no_return_chars[invalid_header5]
ERROR tests/test_requests.py::TestRequests::test_header_no_return_chars[invalid_header6]
ERROR tests/test_requests.py::TestRequests::test_header_no_return_chars[invalid_header7]
ERROR tests/test_requests.py::TestRequests::test_header_no_leading_space[invalid_header0]
ERROR tests/test_requests.py::TestRequests::test_header_no_leading_space[invalid_header1]
ERROR tests/test_requests.py::TestRequests::test_header_no_leading_space[invalid_header2]
ERROR tests/test_requests.py::TestRequests::test_header_no_leading_space[invalid_header3]
ERROR tests/test_requests.py::TestRequests::test_header_no_leading_space[invalid_header4]
ERROR tests/test_requests.py::TestRequests::test_header_no_leading_space[invalid_header5]
ERROR tests/test_requests.py::TestRequests::test_header_no_leading_space[invalid_header6]
ERROR tests/test_requests.py::TestRequests::test_header_with_subclass_types
ERROR tests/test_requests.py::TestRequests::test_can_send_objects_with_files[foo0]
ERROR tests/test_requests.py::TestRequests::test_can_send_objects_with_files[foo1]
ERROR tests/test_requests.py::TestRequests::test_can_send_objects_with_files[files2]
ERROR tests/test_requests.py::TestRequests::test_can_send_file_object_with_non_string_filename
ERROR tests/test_requests.py::TestRequests::test_autoset_header_values_are_native
ERROR tests/test_requests.py::TestRequests::test_auth_is_stripped_on_http_downgrade
ERROR tests/test_requests.py::TestRequests::test_auth_is_retained_for_redirect_on_host
ERROR tests/test_requests.py::TestRequests::test_manual_redirect_with_partial_body_read
ERROR tests/test_requests.py::TestRequests::test_redirect_with_wrong_gzipped_header
ERROR tests/test_requests.py::TestRequests::test_requests_history_is_saved
ERROR tests/test_requests.py::TestRequests::test_json_param_post_content_type_works
ERROR tests/test_requests.py::TestRequests::test_json_param_post_should_not_override_data_param
ERROR tests/test_requests.py::TestRequests::test_response_iter_lines
ERROR tests/test_requests.py::TestRequests::test_response_context_manager
ERROR tests/test_requests.py::TestRequests::test_unconsumed_session_response_closes_connection
ERROR tests/test_requests.py::TestRequests::test_response_json_when_content_is_None
ERROR tests/test_requests.py::TestRequests::test_empty_stream_with_auth_does_not_set_content_length_header
ERROR tests/test_requests.py::TestRequests::test_stream_with_auth_does_not_set_transfer_encoding_header
ERROR tests/test_requests.py::TestRequests::test_chunked_upload_does_not_set_content_length_header
ERROR tests/test_requests.py::TestRequests::test_custom_redirect_mixin
ERROR tests/test_requests.py::TestTimeout::test_stream_timeout
ERROR tests/test_requests.py::TestTimeout::test_invalid_timeout[timeout0-(connect, read)]
ERROR tests/test_requests.py::TestTimeout::test_invalid_timeout[foo-must be an int, float or None]
ERROR tests/test_requests.py::TestTimeout::test_none_timeout[None]
ERROR tests/test_requests.py::TestTimeout::test_none_timeout[timeout1]
ERROR tests/test_requests.py::TestTimeout::test_read_timeout[timeout0]
ERROR tests/test_requests.py::TestTimeout::test_read_timeout[timeout1]
ERROR tests/test_requests.py::TestTimeout::test_encoded_methods
ERROR tests/test_requests.py::test_requests_are_updated_each_time
ERROR tests/test_requests.py::test_urllib3_retries
ERROR tests/test_requests.py::test_urllib3_pool_connection_closed
ERROR tests/test_requests.py::TestPreparingURLs::test_redirecting_to_bad_url[http://:1-InvalidURL]
ERROR tests/test_requests.py::TestPreparingURLs::test_post_json_nan
ERROR tests/test_requests.py::TestPreparingURLs::test_json_decode_compatibility
ERROR tests/test_requests.py::TestPreparingURLs::test_json_decode_persists_doc_attr
ERROR tests/test_requests.py::test_content_length_for_bytes_data
ERROR tests/test_requests.py::test_content_length_for_string_data_counts_bytes
===== 401 passed, 15 skipped, 1 xfailed, 12 warnings, 196 errors in 44.32s =====
